1960
calculate emax for t=33 took: 2.7300 (sec)
calculate emax for t=32 took: 1.6039 (sec)
calculate emax for t=31 took: 1.6070 (sec)
calculate emax for t=30 took: 1.6373 (sec)
calculate emax for t=29 took: 1.6525 (sec)
calculate emax for t=28 took: 1.6226 (sec)
calculate emax for t=27 took: 3.8341 (sec)
calculate emax for t=26 took: 3.5922 (sec)
calculate emax for t=25 took: 3.6287 (sec)
calculate emax for t=24 took: 3.7008 (sec)
calculate emax for t=23 took: 3.7558 (sec)
calculate emax for t=22 took: 3.8132 (sec)
calculate emax for t=21 took: 3.8073 (sec)
calculate emax for t=20 took: 3.7805 (sec)
calculate emax for t=19 took: 3.7087 (sec)
calculate emax for t=18 took: 3.6062 (sec)
calculate emax for t=17 took: 3.5565 (sec)
calculate emax for t=16 took: 3.5890 (sec)
calculate emax for t=15 took: 3.5482 (sec)
calculate emax for t=14 took: 3.5826 (sec)
calculate emax for t=13 took: 3.5500 (sec)
calculate emax for t=12 took: 3.5564 (sec)
calculate emax for t=11 took: 3.5507 (sec)
calculate emax for t=10 took: 3.5596 (sec)
calculate emax for t=9 took: 3.5777 (sec)
calculate emax for t=8 took: 3.5554 (sec)
calculate emax for t=7 took: 3.5813 (sec)
calculate emax for t=6 took: 3.5528 (sec)
calculate emax for t=5 took: 3.5689 (sec)
calculate emax for t=4 took: 1.6170 (sec)
calculate emax for t=3 took: 1.5988 (sec)
calculate emax for t=2 took: 0.4290 (sec)
calculate emax for t=1 took: 0.4199 (sec)
calculate emax with 298818 iterations took: 98.4900 (sec)
saved emax to emax_1960white/

===== DIAGNOSTIC: ANNUAL WOMEN (all edu levels) =====
Age  | HS:Total  HS:Marr  HS:Div  HS:Kids | SC:Total  SC:Marr  SC:Div  SC:Kids | CG:Total  CG:Marr  CG:Div  CG:Kids
 18  |    5000    0.02   0.00    0.00  |       0    0.00   0.00    0.00  |       0    0.00   0.00    0.00
 19  |    5000    0.04   0.00    0.00  |       0    0.00   0.00    0.00  |       0    0.00   0.00    0.00
 20  |    5000    0.14   0.00    0.00  |    5000    0.13   0.00    0.00  |       0    0.00   0.00    0.00
 21  |    5000    0.25   0.00    0.00  |    5000    0.26   0.00    0.00  |       0    0.00   0.00    0.00
 22  |    5000    0.36   0.00    0.00  |    5000    0.39   0.00    0.00  |    5000    0.16   0.00    0.00
 23  |    5000    0.47   0.00    0.00  |    5000    0.51   0.00    0.00  |    5000    0.28   0.00    0.00
 24  |    5000    0.56   0.00    0.00  |    5000    0.59   0.00    0.00  |    5000    0.41   0.00    0.00
 25  |    5000    0.61   0.00    0.00  |    5000    0.65   0.00    0.00  |    5000    0.52   0.00    0.00
 26  |    5000    0.67   0.00    0.00  |    5000    0.71   0.00    0.00  |    5000    0.62   0.00    0.00
 27  |    5000    0.71   0.00    0.00  |    5000    0.76   0.00    0.00  |    5000    0.70   0.00    0.00
 28  |    5000    0.74   0.00    0.00  |    5000    0.80   0.00    0.00  |    5000    0.77   0.00    0.00
 29  |    5000    0.78   0.00    0.00  |    5000    0.84   0.00    0.01  |    5000    0.82   0.00    0.00
 30  |    5000    0.82   0.00    0.01  |    5000    0.87   0.01    0.02  |    5000    0.86   0.00    0.00
 31  |    5000    0.85   0.01    0.02  |    5000    0.88   0.02    0.04  |    5000    0.88   0.00    0.01
 32  |    5000    0.87   0.02    0.03  |    5000    0.89   0.04    0.05  |    5000    0.91   0.01    0.06
 33  |    5000    0.89   0.03    0.08  |    5000    0.90   0.05    0.11  |    5000    0.88   0.06    0.08
 34  |    5000    0.86   0.08    0.15  |    5000    0.85   0.11    0.17  |    5000    0.87   0.08    0.28
 35  |    5000    0.81   0.15    0.27  |    5000    0.81   0.16    0.32  |    5000    0.69   0.28    0.44
 36  |    5000    0.71   0.26    0.35  |    5000    0.67   0.31    0.42  |    5000    0.54   0.44    0.53
 37  |    5000    0.64   0.34    0.44  |    5000    0.58   0.41    0.56  |    5000    0.45   0.53    0.60
 38  |    5000    0.55   0.43    0.52  |    5000    0.45   0.53    0.68  |    5000    0.40   0.59    0.69
 39  |    5000    0.49   0.49    0.65  |    5000    0.35   0.64    0.79  |    5000    0.33   0.65    0.78
 40  |    5000    0.38   0.61    0.72  |    5000    0.27   0.72    0.83  |    5000    0.29   0.70    0.85
 41  |    5000    0.34   0.64    0.76  |    5000    0.27   0.72    0.87  |    5000    0.25   0.74    0.92
 42  |    5000    0.32   0.67    0.82  |    5000    0.22   0.77    0.94  |    5000    0.21   0.79    0.97
 43  |    5000    0.27   0.72    0.93  |    5000    0.19   0.80    1.04  |    5000    0.17   0.82    1.07
 44  |    5000    0.27   0.72    0.98  |    5000    0.22   0.77    1.11  |    5000    0.17   0.83    1.13
 45  |    5000    0.30   0.69    0.98  |    5000    0.26   0.73    1.11  |    5000    0.18   0.82    1.13
 46  |    5000    0.32   0.67    0.98  |    5000    0.29   0.71    1.11  |    5000    0.19   0.80    1.13
 47  |    5000    0.33   0.66    0.98  |    5000    0.30   0.69    1.11  |    5000    0.20   0.79    1.13
 48  |    5000    0.34   0.65    0.98  |    5000    0.30   0.69    1.11  |    5000    0.20   0.79    1.13
 49  |    5000    0.34   0.65    0.98  |    5000    0.31   0.69    1.11  |    5000    0.20   0.79    1.13
 50  |    5000    0.35   0.64    0.98  |    5000    0.31   0.68    1.11  |    5000    0.21   0.78    1.13
 51  |       0    0.00   0.00    0.00  |       0    0.00   0.00    0.00  |       0    0.00   0.00    0.00
 52  |       0    0.00   0.00    0.00  |       0    0.00   0.00    0.00  |       0    0.00   0.00    0.00
 53  |       0    0.00   0.00    0.00  |       0    0.00   0.00    0.00  |       0    0.00   0.00    0.00
 54  |       0    0.00   0.00    0.00  |       0    0.00   0.00    0.00  |       0    0.00   0.00    0.00
 55  |       0    0.00   0.00    0.00  |       0    0.00   0.00    0.00  |       0    0.00   0.00    0.00

===== DIAGNOSTIC: ANNUAL MEN (all edu levels) =====
Age  | HS:Total  HS:Marr  HS:Div  | SC:Total  SC:Marr  SC:Div  | CG:Total  CG:Marr  CG:Div
 18  |    5000    0.02   0.00  |       0    0.00   0.00  |       0    0.00   0.00
 19  |    5000    0.04   0.00  |       0    0.00   0.00  |       0    0.00   0.00
 20  |    5000    0.15   0.00  |    5000    0.11   0.00  |       0    0.00   0.00
 21  |    5000    0.25   0.00  |    5000    0.21   0.00  |       0    0.00   0.00
 22  |    5000    0.35   0.00  |    5000    0.31   0.00  |    5000    0.14   0.00
 23  |    5000    0.44   0.00  |    5000    0.39   0.00  |    5000    0.26   0.00
 24  |    5000    0.52   0.00  |    5000    0.47   0.00  |    5000    0.36   0.00
 25  |    5000    0.60   0.00  |    5000    0.55   0.00  |    5000    0.47   0.00
 26  |    5000    0.67   0.00  |    5000    0.64   0.00  |    5000    0.58   0.00
 27  |    5000    0.73   0.00  |    5000    0.70   0.00  |    5000    0.65   0.00
 28  |    5000    0.78   0.00  |    5000    0.75   0.00  |    5000    0.72   0.00
 29  |    5000    0.82   0.00  |    5000    0.79   0.00  |    5000    0.79   0.00
 30  |    5000    0.86   0.00  |    5000    0.84   0.00  |    5000    0.84   0.00
 31  |    5000    0.89   0.00  |    5000    0.87   0.00  |    5000    0.85   0.02
 32  |    5000    0.92   0.00  |    5000    0.90   0.01  |    5000    0.86   0.06
 33  |    5000    0.93   0.02  |    5000    0.89   0.04  |    5000    0.90   0.06
 34  |    5000    0.93   0.03  |    5000    0.91   0.05  |    5000    0.73   0.25
 35  |    5000    0.88   0.10  |    5000    0.80   0.18  |    5000    0.72   0.32
 36  |    5000    0.78   0.22  |    5000    0.68   0.34  |    5000    0.64   0.44
 37  |    5000    0.70   0.34  |    5000    0.65   0.43  |    5000    0.66   0.46
 38  |    5000    0.62   0.47  |    5000    0.60   0.51  |    5000    0.58   0.55
 39  |    5000    0.58   0.56  |    5000    0.52   0.62  |    5000    0.52   0.63
 40  |    5000    0.49   0.68  |    5000    0.46   0.74  |    5000    0.44   0.72
 41  |    5000    0.46   0.74  |    5000    0.43   0.76  |    5000    0.37   0.79
 42  |    5000    0.48   0.76  |    5000    0.43   0.80  |    5000    0.33   0.84
 43  |    5000    0.46   0.79  |    5000    0.41   0.83  |    5000    0.32   0.86
 44  |    5000    0.47   0.82  |    5000    0.42   0.85  |    5000    0.34   0.87
 45  |    5000    0.52   0.82  |    5000    0.45   0.86  |    5000    0.36   0.87
 46  |    5000    0.56   0.82  |    5000    0.48   0.86  |    5000    0.40   0.87
 47  |    5000    0.58   0.82  |    5000    0.51   0.86  |    5000    0.41   0.87
 48  |    5000    0.58   0.82  |    5000    0.51   0.86  |    5000    0.41   0.87
 49  |    5000    0.58   0.82  |    5000    0.52   0.86  |    5000    0.42   0.87
 50  |    5000    0.59   0.82  |    5000    0.52   0.86  |    5000    0.42   0.87
 51  |       0    0.00   0.00  |       0    0.00   0.00  |       0    0.00   0.00
 52  |       0    0.00   0.00  |       0    0.00   0.00  |       0    0.00   0.00
 53  |       0    0.00   0.00  |       0    0.00   0.00  |       0    0.00   0.00
 54  |       0    0.00   0.00  |       0    0.00   0.00  |       0    0.00   0.00
 55  |       0    0.00   0.00  |       0    0.00   0.00  |       0    0.00   0.00

===== MARRIED WOMEN =====
  Education: HS
AgeGrp      Wage:Fit    Wage:Act    PT:Fit    PT:Act    FT:Fit    FT:Act
--------  ----------  ----------  --------  --------  --------  --------
22-26       30238.01    28299.62      0.13      0.11      0.53      0.38
27-31       34586.33    31079.76      0.13      0.15      0.59      0.38
32-36       38420.57    33510.16      0.13      0.18      0.63      0.44
37-41       40902.04    37468.02      0.14      0.17      0.66      0.49
42-46       43070.60    41622.10      0.14      0.16      0.71      0.53
  Education: SC
AgeGrp      Wage:Fit    Wage:Act    PT:Fit    PT:Act    FT:Fit    FT:Act
--------  ----------  ----------  --------  --------  --------  --------
22-26       35480.64    33188.57      0.13      0.14      0.53      0.49
27-31       43142.92    39465.98      0.14      0.17      0.61      0.45
32-36       48797.76    41303.73      0.14      0.20      0.64      0.45
37-41       52182.70    47150.67      0.15      0.20      0.68      0.49
42-46       52850.12    51982.79      0.14      0.20      0.74      0.54
  Education: CG+
AgeGrp      Wage:Fit    Wage:Act    PT:Fit    PT:Act    FT:Fit    FT:Act
--------  ----------  ----------  --------  --------  --------  --------
22-26       43058.42    43375.45      0.11      0.13      0.44      0.63
27-31       56834.88    56771.96      0.14      0.13      0.62      0.58
32-36       67387.97    67624.32      0.14      0.17      0.67      0.49
37-41       76594.89    76361.26      0.13      0.20      0.73      0.49
42-46       83635.37    80717.00      0.14      0.19      0.75      0.54

===== MARRIED MEN =====
  Education: HS
AgeGrp      Wage:Fit    Wage:Act    PT:Fit    PT:Act    FT:Fit    FT:Act
--------  ----------  ----------  --------  --------  --------  --------
22-26       41771.24    48574.63      0.03      0.03      0.73      0.82
27-31       51794.58    56665.02      0.03      0.02      0.79      0.85
32-36       59347.73    61344.61      0.03      0.02      0.82      0.84
37-41       62193.05    72364.09      0.03      0.02      0.85      0.86
42-46       63231.09    73759.31      0.04      0.02      0.87      0.84
  Education: SC
AgeGrp      Wage:Fit    Wage:Act    PT:Fit    PT:Act    FT:Fit    FT:Act
--------  ----------  ----------  --------  --------  --------  --------
22-26       52129.38    52049.90      0.03      0.07      0.73      0.82
27-31       69444.80    66848.00      0.03      0.02      0.81      0.88
32-36       82292.19    73883.59      0.03      0.02      0.84      0.91
37-41       88300.37    86511.32      0.04      0.02      0.86      0.91
42-46       87951.54    94354.83      0.04      0.02      0.89      0.88
  Education: CG+
AgeGrp      Wage:Fit    Wage:Act    PT:Fit    PT:Act    FT:Fit    FT:Act
--------  ----------  ----------  --------  --------  --------  --------
22-26       63596.06    59242.04      0.03      0.08      0.70      0.80
27-31       95345.96    84160.94      0.04      0.03      0.82      0.91
32-36      123628.19   114384.70      0.04      0.02      0.85      0.93
37-41      146217.72   142932.60      0.04      0.02      0.86      0.94
42-46      159772.96   163469.40      0.05      0.02      0.89      0.92

===== SINGLE WOMEN =====
  Education: HS
AgeGrp      Wage:Fit    Wage:Act    PT:Fit    PT:Act    FT:Fit    FT:Act
--------  ----------  ----------  --------  --------  --------  --------
22-26       29160.82    30197.19      0.14      0.11      0.46      0.56
27-31       33495.80    35159.79      0.16      0.09      0.49      0.57
32-36       38972.40    35504.30      0.17      0.10      0.60      0.56
37-41       42160.01    41620.34      0.14      0.11      0.67      0.58
42-46       43643.32    42396.61      0.14      0.09      0.71      0.56
  Education: SC
AgeGrp      Wage:Fit    Wage:Act    PT:Fit    PT:Act    FT:Fit    FT:Act
--------  ----------  ----------  --------  --------  --------  --------
22-26       33613.62    32298.52      0.14      0.17      0.46      0.57
27-31       41710.85    43924.30      0.18      0.11      0.49      0.66
32-36       51395.72    47297.61      0.17      0.11      0.62      0.67
37-41       53984.49    51427.66      0.15      0.11      0.69      0.71
42-46       54348.71    58024.34      0.14      0.08      0.73      0.71
  Education: CG+
AgeGrp      Wage:Fit    Wage:Act    PT:Fit    PT:Act    FT:Fit    FT:Act
--------  ----------  ----------  --------  --------  --------  --------
22-26       40318.46    39496.12      0.10      0.16      0.46      0.67
27-31       55917.79    62152.83      0.13      0.07      0.63      0.83
32-36       71048.04    74037.73      0.15      0.07      0.67      0.82
37-41       78194.47    84020.55      0.14      0.07      0.71      0.81
42-46       85344.80    90903.29      0.13      0.07      0.77      0.78

===== SINGLE MEN =====
  Education: HS
AgeGrp      Wage:Fit    Wage:Act    PT:Fit    PT:Act    FT:Fit    FT:Act
--------  ----------  ----------  --------  --------  --------  --------
22-26       44369.62    39492.87      0.03      0.07      0.75      0.65
27-31       55572.09    47033.33      0.03      0.05      0.80      0.71
32-36       64074.54    53354.27      0.03      0.05      0.85      0.67
37-41       66769.26    55573.67      0.03      0.05      0.87      0.70
42-46       65525.63    57158.97      0.03      0.05      0.88      0.64
  Education: SC
AgeGrp      Wage:Fit    Wage:Act    PT:Fit    PT:Act    FT:Fit    FT:Act
--------  ----------  ----------  --------  --------  --------  --------
22-26       51479.35    37361.30      0.03      0.17      0.77      0.50
27-31       69168.86    52847.48      0.03      0.06      0.81      0.78
32-36       90118.38    59169.55      0.03      0.04      0.87      0.76
37-41       94500.93    66603.93      0.03      0.05      0.88      0.76
42-46       90792.94    74786.66      0.03      0.05      0.89      0.74
  Education: CG+
AgeGrp      Wage:Fit    Wage:Act    PT:Fit    PT:Act    FT:Fit    FT:Act
--------  ----------  ----------  --------  --------  --------  --------
22-26       56083.75    49129.95      0.03      0.13      0.70      0.64
27-31       90964.89    72635.45      0.04      0.06      0.83      0.82
32-36      133212.68    92698.45      0.05      0.06      0.87      0.84
37-41      158062.70   108479.00      0.04      0.04      0.89      0.85
42-46      170075.77   126150.70      0.04      0.05      0.90      0.78

===== MARRIAGE/DIVORCE WOMEN =====
  Education: HS
AgeGrp      Marr:Fit    Marr:Act    Div:Fit    Div:Act
--------  ----------  ----------  ---------  ---------
22-26           0.53        0.62       0.00       0.08
27-31           0.78        0.70       0.00       0.11
32-36           0.83        0.72       0.11       0.14
37-41           0.48        0.72       0.50       0.16
42-46           0.29        0.70       0.70       0.18
  Education: SC
AgeGrp      Marr:Fit    Marr:Act    Div:Fit    Div:Act
--------  ----------  ----------  ---------  ---------
22-26           0.57        0.47       0.00       0.05
27-31           0.83        0.68       0.01       0.11
32-36           0.83        0.71       0.13       0.14
37-41           0.38        0.71       0.60       0.16
42-46           0.24        0.70       0.76       0.17
  Education: CG+
AgeGrp      Marr:Fit    Marr:Act    Div:Fit    Div:Act
--------  ----------  ----------  ---------  ---------
22-26           0.40        0.38       0.00       0.01
27-31           0.81        0.63       0.00       0.05
32-36           0.78        0.73       0.17       0.07
37-41           0.35        0.75       0.64       0.10
42-46           0.18        0.77       0.81       0.11

===== MARRIAGE/DIVORCE MEN =====
  Education: HS
AgeGrp      Marr:Fit    Marr:Act    Div:Fit    Div:Act
--------  ----------  ----------  ---------  ---------
22-26           0.52        0.47       0.00       0.05
27-31           0.82        0.62       0.00       0.09
32-36           0.89        0.66       0.07       0.12
37-41           0.57        0.66       0.56       0.16
42-46           0.50        0.66       0.80       0.16
  Education: SC
AgeGrp      Marr:Fit    Marr:Act    Div:Fit    Div:Act
--------  ----------  ----------  ---------  ---------
22-26           0.47        0.31       0.00       0.02
27-31           0.79        0.59       0.00       0.08
32-36           0.84        0.70       0.12       0.09
37-41           0.53        0.70       0.61       0.13
42-46           0.44        0.72       0.84       0.14
  Education: CG+
AgeGrp      Marr:Fit    Marr:Act    Div:Fit    Div:Act
--------  ----------  ----------  ---------  ---------
22-26           0.36        0.29       0.00       0.01
27-31           0.77        0.57       0.01       0.03
32-36           0.77        0.73       0.23       0.05
37-41           0.51        0.78       0.63       0.07
42-46           0.35        0.79       0.86       0.07

===== FERTILITY MARRIED =====
  Education: HS
AgeGrp      Fert:Fit    Fert:Act    Chless:Fit    Chless:Act
--------  ----------  ----------  ------------  ------------
22-26           0.00        1.33          1.00          0.24
27-31           0.01        1.71          0.99          0.15
32-36           0.08        2.00          0.92          0.11
37-41           0.22        2.11          0.79          0.10
42-46           0.34        2.00          0.68          0.08
  Education: SC
AgeGrp      Fert:Fit    Fert:Act    Chless:Fit    Chless:Act
--------  ----------  ----------  ------------  ------------
22-26           0.00        0.82          1.00          0.45
27-31           0.01        1.45          0.99          0.25
32-36           0.09        1.89          0.91          0.15
37-41           0.32        2.07          0.71          0.11
42-46           0.46        2.10          0.57          0.07
  Education: CG+
AgeGrp      Fert:Fit    Fert:Act    Chless:Fit    Chless:Act
--------  ----------  ----------  ------------  ------------
22-26           0.00        0.40          1.00          0.70
27-31           0.00        0.93          1.00          0.43
32-36           0.14        1.49          0.86          0.24
37-41           0.33        1.87          0.71          0.15
42-46           0.43        1.95          0.61          0.09

===== FERTILITY UNMARRIED =====
  Education: HS
AgeGrp      Fert:Fit    Fert:Act    Chless:Fit    Chless:Act
--------  ----------  ----------  ------------  ------------
22-26           0.00        0.64          1.00          0.61
27-31           0.01        1.09          0.99          0.43
32-36           0.62        1.46          0.38          0.31
37-41           0.99        1.62          0.03          0.30
42-46           1.19        1.64          0.01          0.17
  Education: SC
AgeGrp      Fert:Fit    Fert:Act    Chless:Fit    Chless:Act
--------  ----------  ----------  ------------  ------------
22-26           0.00        0.19          1.00          0.87
27-31           0.04        0.59          0.96          0.65
32-36           0.77        1.02          0.23          0.46
37-41           1.01        1.29          0.02          0.36
42-46           1.25        1.35          0.01          0.19
  Education: CG+
AgeGrp      Fert:Fit    Fert:Act    Chless:Fit    Chless:Act
--------  ----------  ----------  ------------  ------------
22-26           0.00        0.02          1.00          0.99
27-31           0.01        0.14          0.99          0.90
32-36           0.78        0.34          0.22          0.80
37-41           1.00        0.57          0.02          0.69
42-46           1.23        0.88          0.00          0.32

===== ASSORTATIVE MATING (WOMEN, ages 42-46) =====
OwnEdu      HS:Fit    HS:Act    SC:Fit    SC:Act    CG:Fit    CG:Act
--------  --------  --------  --------  --------  --------  --------
HS            0.84      0.66      0.13      0.22      0.04      0.12
SC            0.35      0.32      0.60      0.39      0.05      0.30
CG+           0.14      0.13      0.09      0.18      0.77      0.69

===== ASSORTATIVE MATING (MEN, ages 42-46) =====
OwnEdu      HS:Fit    HS:Act    SC:Fit    SC:Act    CG:Fit    CG:Act
--------  --------  --------  --------  --------  --------  --------
HS            0.63      0.62      0.24      0.27      0.13      0.11
SC            0.30      0.30      0.55      0.47      0.14      0.23
CG+           0.21      0.11      0.19      0.23      0.60      0.65

===== OBJECTIVE FUNCTION =====
Total: 9812.19
  Wage wife married:     10.92
  Emp wife married:      165.79
  Wage husband married:  44.26
  Emp husband married:   23.99
  Wage wife single:      11.63
  Emp wife single:       87.08
  Wage husband single:   618.57
  Emp husband single:    102.63
  Marriage women:        767.72
  Divorce women:         1173.37
  Marriage men:          420.35
  Divorce men:           1527.00
  Fertility married:     2.26
  Childless married:     4136.91
  Fertility unmarried:   0.26
  Childless unmarried:   1181.32
  Assortative women:     190.91
  Assortative men:       32.59
9812.18586201955
