1960
calculate emax for t=33 took: 1.7244 (sec)
calculate emax for t=32 took: 1.0284 (sec)
calculate emax for t=31 took: 1.5596 (sec)
calculate emax for t=30 took: 1.5469 (sec)
calculate emax for t=29 took: 1.5626 (sec)
calculate emax for t=28 took: 1.4427 (sec)
calculate emax for t=27 took: 3.8742 (sec)
calculate emax for t=26 took: 3.2387 (sec)
calculate emax for t=25 took: 2.7482 (sec)
calculate emax for t=24 took: 2.2566 (sec)
calculate emax for t=23 took: 2.2687 (sec)
calculate emax for t=22 took: 2.2580 (sec)
calculate emax for t=21 took: 2.2928 (sec)
calculate emax for t=20 took: 2.3075 (sec)
calculate emax for t=19 took: 2.3334 (sec)
calculate emax for t=18 took: 2.2889 (sec)
calculate emax for t=17 took: 2.2906 (sec)
calculate emax for t=16 took: 2.2954 (sec)
calculate emax for t=15 took: 2.3513 (sec)
calculate emax for t=14 took: 2.6562 (sec)
calculate emax for t=13 took: 3.1251 (sec)
calculate emax for t=12 took: 2.2708 (sec)
calculate emax for t=11 took: 2.2880 (sec)
calculate emax for t=10 took: 2.2760 (sec)
calculate emax for t=9 took: 2.3019 (sec)
calculate emax for t=8 took: 2.3019 (sec)
calculate emax for t=7 took: 2.3123 (sec)
calculate emax for t=6 took: 2.3242 (sec)
calculate emax for t=5 took: 2.2862 (sec)
calculate emax for t=4 took: 1.0408 (sec)
calculate emax for t=3 took: 1.0402 (sec)
calculate emax for t=2 took: 0.2795 (sec)
calculate emax for t=1 took: 0.2814 (sec)
calculate emax with 298818 iterations took: 68.4633 (sec)
saved emax to emax_1960white/

===== DIAGNOSTIC: ANNUAL WOMEN (all edu levels) =====
Age  | HS:Total  HS:Marr  HS:Div  HS:Kids | SC:Total  SC:Marr  SC:Div  SC:Kids | CG:Total  CG:Marr  CG:Div  CG:Kids
 18  |    5000    0.02   0.00    0.01  |       0    0.00   0.00    0.00  |       0    0.00   0.00    0.00
 19  |    5000    0.04   0.00    0.03  |       0    0.00   0.00    0.00  |       0    0.00   0.00    0.00
 20  |    5000    0.15   0.00    0.09  |    5000    0.12   0.00    0.06  |       0    0.00   0.00    0.00
 21  |    5000    0.27   0.00    0.19  |    5000    0.26   0.00    0.19  |       0    0.00   0.00    0.00
 22  |    5000    0.39   0.00    0.31  |    5000    0.38   0.00    0.37  |    5000    0.17   0.00    0.02
 23  |    5000    0.51   0.00    0.44  |    5000    0.48   0.00    0.56  |    5000    0.29   0.00    0.05
 24  |    5000    0.60   0.00    0.56  |    5000    0.58   0.00    0.74  |    5000    0.39   0.00    0.18
 25  |    5000    0.67   0.00    0.68  |    5000    0.62   0.00    0.88  |    5000    0.53   0.00    0.26
 26  |    5000    0.72   0.00    0.79  |    5000    0.67   0.00    0.99  |    5000    0.63   0.00    0.35
 27  |    5000    0.77   0.00    0.90  |    5000    0.72   0.00    1.08  |    5000    0.73   0.00    0.43
 28  |    5000    0.80   0.00    1.00  |    5000    0.77   0.00    1.14  |    5000    0.80   0.00    0.52
 29  |    5000    0.84   0.00    1.09  |    5000    0.80   0.00    1.27  |    5000    0.84   0.00    0.80
 30  |    5000    0.87   0.00    1.19  |    5000    0.84   0.00    1.43  |    5000    0.88   0.00    0.92
 31  |    5000    0.89   0.00    1.27  |    5000    0.87   0.00    1.58  |    5000    0.90   0.00    1.05
 32  |    5000    0.91   0.00    1.37  |    5000    0.89   0.00    1.82  |    5000    0.93   0.00    1.14
 33  |    5000    0.93   0.00    1.49  |    5000    0.91   0.00    1.96  |    5000    0.94   0.00    1.23
 34  |    5000    0.95   0.00    1.67  |    5000    0.93   0.00    2.10  |    5000    0.95   0.00    1.45
 35  |    5000    0.95   0.00    1.87  |    5000    0.95   0.00    2.22  |    5000    0.96   0.00    1.61
 36  |    5000    0.96   0.00    2.09  |    5000    0.96   0.00    2.34  |    5000    0.97   0.00    1.79
 37  |    5000    0.97   0.00    2.26  |    5000    0.97   0.00    2.44  |    5000    0.97   0.00    1.99
 38  |    5000    0.97   0.00    2.41  |    5000    0.97   0.00    2.54  |    5000    0.98   0.00    2.14
 39  |    5000    0.97   0.01    2.50  |    5000    0.97   0.01    2.61  |    5000    0.98   0.00    2.29
 40  |    5000    0.97   0.01    2.56  |    5000    0.97   0.01    2.66  |    5000    0.98   0.00    2.38
 41  |    5000    0.97   0.01    2.61  |    5000    0.97   0.01    2.70  |    5000    0.98   0.00    2.45
 42  |    5000    0.97   0.01    2.64  |    5000    0.97   0.01    2.72  |    5000    0.99   0.00    2.49
 43  |    5000    0.96   0.02    2.67  |    5000    0.96   0.02    2.74  |    5000    0.99   0.00    2.53
 44  |    5000    0.96   0.02    2.68  |    5000    0.96   0.02    2.75  |    5000    0.99   0.00    2.55
 45  |    5000    0.96   0.03    2.68  |    5000    0.95   0.04    2.75  |    5000    0.99   0.00    2.55
 46  |    5000    0.96   0.03    2.68  |    5000    0.95   0.04    2.75  |    5000    0.99   0.00    2.55
 47  |    5000    0.96   0.03    2.68  |    5000    0.95   0.04    2.75  |    5000    0.99   0.00    2.55
 48  |    5000    0.96   0.03    2.68  |    5000    0.95   0.04    2.75  |    5000    0.99   0.00    2.55
 49  |    5000    0.96   0.03    2.68  |    5000    0.95   0.04    2.75  |    5000    0.99   0.00    2.55
 50  |    5000    0.96   0.03    2.68  |    5000    0.95   0.04    2.75  |    5000    0.99   0.00    2.55
 51  |       0    0.00   0.00    0.00  |       0    0.00   0.00    0.00  |       0    0.00   0.00    0.00
 52  |       0    0.00   0.00    0.00  |       0    0.00   0.00    0.00  |       0    0.00   0.00    0.00
 53  |       0    0.00   0.00    0.00  |       0    0.00   0.00    0.00  |       0    0.00   0.00    0.00
 54  |       0    0.00   0.00    0.00  |       0    0.00   0.00    0.00  |       0    0.00   0.00    0.00
 55  |       0    0.00   0.00    0.00  |       0    0.00   0.00    0.00  |       0    0.00   0.00    0.00

===== DIAGNOSTIC: ANNUAL MEN (all edu levels) =====
Age  | HS:Total  HS:Marr  HS:Div  | SC:Total  SC:Marr  SC:Div  | CG:Total  CG:Marr  CG:Div
 18  |    5000    0.02   0.00  |       0    0.00   0.00  |       0    0.00   0.00
 19  |    5000    0.04   0.00  |       0    0.00   0.00  |       0    0.00   0.00
 20  |    5000    0.14   0.00  |    5000    0.12   0.00  |       0    0.00   0.00
 21  |    5000    0.26   0.00  |    5000    0.23   0.00  |       0    0.00   0.00
 22  |    5000    0.36   0.00  |    5000    0.33   0.00  |    5000    0.13   0.00
 23  |    5000    0.45   0.00  |    5000    0.41   0.00  |    5000    0.25   0.00
 24  |    5000    0.53   0.00  |    5000    0.50   0.00  |    5000    0.37   0.00
 25  |    5000    0.62   0.00  |    5000    0.58   0.00  |    5000    0.47   0.00
 26  |    5000    0.69   0.00  |    5000    0.65   0.00  |    5000    0.56   0.00
 27  |    5000    0.75   0.00  |    5000    0.71   0.00  |    5000    0.67   0.00
 28  |    5000    0.80   0.00  |    5000    0.77   0.00  |    5000    0.71   0.00
 29  |    5000    0.84   0.00  |    5000    0.81   0.00  |    5000    0.77   0.00
 30  |    5000    0.88   0.00  |    5000    0.84   0.00  |    5000    0.83   0.00
 31  |    5000    0.90   0.00  |    5000    0.87   0.00  |    5000    0.85   0.00
 32  |    5000    0.93   0.00  |    5000    0.90   0.00  |    5000    0.87   0.00
 33  |    5000    0.94   0.00  |    5000    0.92   0.00  |    5000    0.90   0.00
 34  |    5000    0.95   0.00  |    5000    0.94   0.00  |    5000    0.92   0.00
 35  |    5000    0.97   0.00  |    5000    0.95   0.00  |    5000    0.93   0.00
 36  |    5000    0.97   0.00  |    5000    0.96   0.00  |    5000    0.94   0.00
 37  |    5000    0.98   0.00  |    5000    0.97   0.00  |    5000    0.94   0.01
 38  |    5000    0.98   0.00  |    5000    0.98   0.00  |    5000    0.94   0.01
 39  |    5000    0.99   0.00  |    5000    0.98   0.00  |    5000    0.94   0.03
 40  |    5000    0.99   0.00  |    5000    0.98   0.00  |    5000    0.94   0.03
 41  |    5000    0.99   0.00  |    5000    0.98   0.00  |    5000    0.91   0.06
 42  |    5000    0.99   0.00  |    5000    0.99   0.00  |    5000    0.91   0.06
 43  |    5000    0.99   0.00  |    5000    0.99   0.00  |    5000    0.87   0.11
 44  |    5000    0.99   0.00  |    5000    0.99   0.00  |    5000    0.86   0.12
 45  |    5000    0.99   0.00  |    5000    0.99   0.00  |    5000    0.80   0.18
 46  |    5000    1.00   0.00  |    5000    0.99   0.00  |    5000    0.80   0.18
 47  |    5000    1.00   0.00  |    5000    0.99   0.00  |    5000    0.80   0.18
 48  |    5000    1.00   0.00  |    5000    0.99   0.00  |    5000    0.80   0.18
 49  |    5000    1.00   0.00  |    5000    0.99   0.00  |    5000    0.80   0.18
 50  |    5000    1.00   0.00  |    5000    0.99   0.00  |    5000    0.80   0.18
 51  |       0    0.00   0.00  |       0    0.00   0.00  |       0    0.00   0.00
 52  |       0    0.00   0.00  |       0    0.00   0.00  |       0    0.00   0.00
 53  |       0    0.00   0.00  |       0    0.00   0.00  |       0    0.00   0.00
 54  |       0    0.00   0.00  |       0    0.00   0.00  |       0    0.00   0.00
 55  |       0    0.00   0.00  |       0    0.00   0.00  |       0    0.00   0.00

===== MARRIED WOMEN =====
  Education: HS
AgeGrp      Wage:Fit    Wage:Act    PT:Fit    PT:Act    FT:Fit    FT:Act
--------  ----------  ----------  --------  --------  --------  --------
22-26       31064.24    28299.62      0.10      0.11      0.46      0.38
27-31       34881.44    31079.76      0.09      0.15      0.54      0.38
32-36       38634.31    33510.16      0.09      0.18      0.63      0.44
37-41       42002.18    37468.02      0.07      0.17      0.69      0.49
42-46       43878.73    41622.10      0.07      0.16      0.77      0.53
  Education: SC
AgeGrp      Wage:Fit    Wage:Act    PT:Fit    PT:Act    FT:Fit    FT:Act
--------  ----------  ----------  --------  --------  --------  --------
22-26       36197.90    33188.57      0.08      0.14      0.47      0.49
27-31       43357.65    39465.98      0.09      0.17      0.58      0.45
32-36       49804.73    41303.73      0.09      0.20      0.67      0.45
37-41       53212.77    47150.67      0.09      0.20      0.73      0.49
42-46       54015.59    51982.79      0.09      0.20      0.78      0.54
  Education: CG+
AgeGrp      Wage:Fit    Wage:Act    PT:Fit    PT:Act    FT:Fit    FT:Act
--------  ----------  ----------  --------  --------  --------  --------
22-26       43129.46    43375.45      0.12      0.13      0.43      0.63
27-31       56637.01    56771.96      0.13      0.13      0.60      0.58
32-36       67942.93    67624.32      0.12      0.17      0.68      0.49
37-41       77927.96    76361.26      0.11      0.20      0.74      0.49
42-46       84286.09    80717.00      0.11      0.19      0.78      0.54

===== MARRIED MEN =====
  Education: HS
AgeGrp      Wage:Fit    Wage:Act    PT:Fit    PT:Act    FT:Fit    FT:Act
--------  ----------  ----------  --------  --------  --------  --------
22-26       42751.33    48574.63      0.03      0.03      0.71      0.82
27-31       52431.63    56665.02      0.04      0.02      0.79      0.85
32-36       60087.07    61344.61      0.04      0.02      0.83      0.84
37-41       64088.92    72364.09      0.04      0.02      0.85      0.86
42-46       64753.68    73759.31      0.04      0.02      0.87      0.84
  Education: SC
AgeGrp      Wage:Fit    Wage:Act    PT:Fit    PT:Act    FT:Fit    FT:Act
--------  ----------  ----------  --------  --------  --------  --------
22-26       51568.21    52049.90      0.04      0.07      0.74      0.82
27-31       68951.16    66848.00      0.03      0.02      0.81      0.88
32-36       83514.07    73883.59      0.03      0.02      0.85      0.91
37-41       91158.85    86511.32      0.03      0.02      0.87      0.91
42-46       89463.16    94354.83      0.03      0.02      0.89      0.88
  Education: CG+
AgeGrp      Wage:Fit    Wage:Act    PT:Fit    PT:Act    FT:Fit    FT:Act
--------  ----------  ----------  --------  --------  --------  --------
22-26       63687.96    59242.04      0.03      0.08      0.71      0.80
27-31       94832.09    84160.94      0.04      0.03      0.82      0.91
32-36      125829.52   114384.70      0.04      0.02      0.86      0.93
37-41      149884.98   142932.60      0.04      0.02      0.88      0.94
42-46      162027.50   163469.40      0.05      0.02      0.88      0.92

===== SINGLE WOMEN =====
  Education: HS
AgeGrp      Wage:Fit    Wage:Act    PT:Fit    PT:Act    FT:Fit    FT:Act
--------  ----------  ----------  --------  --------  --------  --------
22-26       29042.44    30197.19      0.15      0.11      0.46      0.56
27-31       33822.48    35159.79      0.16      0.09      0.50      0.57
32-36       37762.78    35504.30      0.17      0.10      0.53      0.56
37-41       41235.15    41620.34      0.14      0.11      0.64      0.58
42-46       41980.29    42396.61      0.13      0.09      0.68      0.56
  Education: SC
AgeGrp      Wage:Fit    Wage:Act    PT:Fit    PT:Act    FT:Fit    FT:Act
--------  ----------  ----------  --------  --------  --------  --------
22-26       33924.78    32298.52      0.13      0.17      0.48      0.57
27-31       41630.72    43924.30      0.17      0.11      0.51      0.66
32-36       48040.79    47297.61      0.18      0.11      0.56      0.67
37-41       51997.39    51427.66      0.17      0.11      0.61      0.71
42-46       53577.50    58024.34      0.16      0.08      0.73      0.71
  Education: CG+
AgeGrp      Wage:Fit    Wage:Act    PT:Fit    PT:Act    FT:Fit    FT:Act
--------  ----------  ----------  --------  --------  --------  --------
22-26       40188.32    39496.12      0.11      0.16      0.45      0.67
27-31       57635.34    62152.83      0.14      0.07      0.64      0.83
32-36       68377.32    74037.73      0.14      0.07      0.68      0.82
37-41       77997.60    84020.55      0.16      0.07      0.73      0.81
42-46       84337.67    90903.29      0.16      0.07      0.75      0.78

===== SINGLE MEN =====
  Education: HS
AgeGrp      Wage:Fit    Wage:Act    PT:Fit    PT:Act    FT:Fit    FT:Act
--------  ----------  ----------  --------  --------  --------  --------
22-26       42917.54    39492.87      0.03      0.07      0.74      0.65
27-31       52225.32    47033.33      0.03      0.05      0.77      0.71
32-36       62509.13    53354.27      0.03      0.05      0.79      0.67
37-41       71716.22    55573.67      0.05      0.05      0.88      0.70
42-46       73616.07    57158.97      0.01      0.05      0.96      0.64
  Education: SC
AgeGrp      Wage:Fit    Wage:Act    PT:Fit    PT:Act    FT:Fit    FT:Act
--------  ----------  ----------  --------  --------  --------  --------
22-26       51944.81    37361.30      0.03      0.17      0.77      0.50
27-31       70146.49    52847.48      0.03      0.06      0.81      0.78
32-36       84794.40    59169.55      0.02      0.04      0.83      0.76
37-41       94529.69    66603.93      0.01      0.05      0.91      0.76
42-46       93851.50    74786.66      0.03      0.05      0.90      0.74
  Education: CG+
AgeGrp      Wage:Fit    Wage:Act    PT:Fit    PT:Act    FT:Fit    FT:Act
--------  ----------  ----------  --------  --------  --------  --------
22-26       56060.86    49129.95      0.03      0.13      0.68      0.64
27-31       92595.41    72635.45      0.03      0.06      0.83      0.82
32-36      130432.43    92698.45      0.03      0.06      0.86      0.84
37-41      189010.24   108479.00      0.01      0.04      0.93      0.85
42-46      195537.27   126150.70      0.01      0.05      0.95      0.78

===== MARRIAGE/DIVORCE WOMEN =====
  Education: HS
AgeGrp      Marr:Fit    Marr:Act    Div:Fit    Div:Act
--------  ----------  ----------  ---------  ---------
22-26           0.58        0.62       0.00       0.08
27-31           0.83        0.70       0.00       0.11
32-36           0.94        0.72       0.00       0.14
37-41           0.97        0.72       0.01       0.16
42-46           0.96        0.70       0.02       0.18
  Education: SC
AgeGrp      Marr:Fit    Marr:Act    Div:Fit    Div:Act
--------  ----------  ----------  ---------  ---------
22-26           0.55        0.47       0.00       0.05
27-31           0.80        0.68       0.00       0.11
32-36           0.93        0.71       0.00       0.14
37-41           0.97        0.71       0.01       0.16
42-46           0.96        0.70       0.03       0.17
  Education: CG+
AgeGrp      Marr:Fit    Marr:Act    Div:Fit    Div:Act
--------  ----------  ----------  ---------  ---------
22-26           0.40        0.38       0.00       0.01
27-31           0.83        0.63       0.00       0.05
32-36           0.95        0.73       0.00       0.07
37-41           0.98        0.75       0.00       0.10
42-46           0.99        0.77       0.00       0.11

===== MARRIAGE/DIVORCE MEN =====
  Education: HS
AgeGrp      Marr:Fit    Marr:Act    Div:Fit    Div:Act
--------  ----------  ----------  ---------  ---------
22-26           0.53        0.47       0.00       0.05
27-31           0.83        0.62       0.00       0.09
32-36           0.95        0.66       0.00       0.12
37-41           0.98        0.66       0.00       0.16
42-46           0.99        0.66       0.00       0.16
  Education: SC
AgeGrp      Marr:Fit    Marr:Act    Div:Fit    Div:Act
--------  ----------  ----------  ---------  ---------
22-26           0.50        0.31       0.00       0.02
27-31           0.80        0.59       0.00       0.08
32-36           0.93        0.70       0.00       0.09
37-41           0.98        0.70       0.00       0.13
42-46           0.99        0.72       0.00       0.14
  Education: CG+
AgeGrp      Marr:Fit    Marr:Act    Div:Fit    Div:Act
--------  ----------  ----------  ---------  ---------
22-26           0.36        0.29       0.00       0.01
27-31           0.76        0.57       0.00       0.03
32-36           0.91        0.73       0.00       0.05
37-41           0.94        0.78       0.03       0.07
42-46           0.85        0.79       0.13       0.07

===== FERTILITY MARRIED =====
  Education: HS
AgeGrp      Fert:Fit    Fert:Act    Chless:Fit    Chless:Act
--------  ----------  ----------  ------------  ------------
22-26           0.96        1.33          0.58          0.24
27-31           1.31        1.71          0.46          0.15
32-36           1.79        2.00          0.20          0.11
37-41           2.49        2.11          0.03          0.10
42-46           2.68        2.00          0.02          0.08
  Education: SC
AgeGrp      Fert:Fit    Fert:Act    Chless:Fit    Chless:Act
--------  ----------  ----------  ------------  ------------
22-26           1.30        0.82          0.44          0.45
27-31           1.62        1.45          0.34          0.25
32-36           2.23        1.89          0.09          0.15
37-41           2.61        2.07          0.03          0.11
42-46           2.75        2.10          0.02          0.07
  Education: CG+
AgeGrp      Fert:Fit    Fert:Act    Chless:Fit    Chless:Act
--------  ----------  ----------  ------------  ------------
22-26           0.43        0.40          0.73          0.70
27-31           0.89        0.93          0.52          0.43
32-36           1.52        1.49          0.27          0.24
37-41           2.28        1.87          0.06          0.15
42-46           2.54        1.95          0.04          0.09

===== FERTILITY UNMARRIED =====
  Education: HS
AgeGrp      Fert:Fit    Fert:Act    Chless:Fit    Chless:Act
--------  ----------  ----------  ------------  ------------
22-26           0.00        0.64          1.00          0.61
27-31           0.00        1.09          1.00          0.43
32-36           0.31        1.46          0.70          0.31
37-41           1.89        1.62          0.05          0.30
42-46           2.55        1.64          0.01          0.17
  Education: SC
AgeGrp      Fert:Fit    Fert:Act    Chless:Fit    Chless:Act
--------  ----------  ----------  ------------  ------------
22-26           0.00        0.19          1.00          0.87
27-31           0.00        0.59          1.00          0.65
32-36           0.19        1.02          0.83          0.46
37-41           1.92        1.29          0.06          0.36
42-46           2.50        1.35          0.01          0.19
  Education: CG+
AgeGrp      Fert:Fit    Fert:Act    Chless:Fit    Chless:Act
--------  ----------  ----------  ------------  ------------
22-26           0.00        0.02          1.00          0.99
27-31           0.00        0.14          1.00          0.90
32-36           0.00        0.34          1.00          0.80
37-41           1.01        0.57          0.33          0.69
42-46           1.55        0.88          0.18          0.32

===== ASSORTATIVE MATING (WOMEN, ages 42-46) =====
OwnEdu      HS:Fit    HS:Act    SC:Fit    SC:Act    CG:Fit    CG:Act
--------  --------  --------  --------  --------  --------  --------
HS            0.61      0.66      0.29      0.22      0.10      0.12
SC            0.45      0.32      0.43      0.39      0.12      0.30
CG+           0.39      0.13      0.26      0.18      0.35      0.69

===== ASSORTATIVE MATING (MEN, ages 42-46) =====
OwnEdu      HS:Fit    HS:Act    SC:Fit    SC:Act    CG:Fit    CG:Act
--------  --------  --------  --------  --------  --------  --------
HS            0.54      0.62      0.29      0.27      0.18      0.11
SC            0.33      0.30      0.44      0.47      0.23      0.23
CG+           0.30      0.11      0.22      0.23      0.49      0.65

===== OBJECTIVE FUNCTION =====
Total: 2959.29
  Wage wife married:     15.12
  Emp wife married:      210.20
  Wage husband married:  44.06
  Emp husband married:   21.83
  Wage wife single:      11.29
  Emp wife single:       84.79
  Wage husband single:   1075.72
  Emp husband single:    119.83
  Marriage women:        399.18
  Divorce women:         126.92
  Marriage men:          493.38
  Divorce men:           88.23
  Fertility married:     0.17
  Childless married:     178.19
  Fertility unmarried:   0.49
  Childless unmarried:   874.86
  Assortative women:     279.10
  Assortative men:       82.11
2959.287059603033
