1960
calculate emax for t=33 took: 2.8157 (sec)
calculate emax for t=32 took: 1.6412 (sec)
calculate emax for t=31 took: 1.6185 (sec)
calculate emax for t=30 took: 1.5984 (sec)
calculate emax for t=29 took: 1.6357 (sec)
calculate emax for t=28 took: 1.5681 (sec)
calculate emax for t=27 took: 3.5257 (sec)
calculate emax for t=26 took: 3.5124 (sec)
calculate emax for t=25 took: 3.4945 (sec)
calculate emax for t=24 took: 3.4723 (sec)
calculate emax for t=23 took: 3.5528 (sec)
calculate emax for t=22 took: 3.5786 (sec)
calculate emax for t=21 took: 3.5342 (sec)
calculate emax for t=20 took: 3.5612 (sec)
calculate emax for t=19 took: 3.5366 (sec)
calculate emax for t=18 took: 3.5568 (sec)
calculate emax for t=17 took: 3.5641 (sec)
calculate emax for t=16 took: 3.5348 (sec)
calculate emax for t=15 took: 3.5619 (sec)
calculate emax for t=14 took: 3.5455 (sec)
calculate emax for t=13 took: 3.5379 (sec)
calculate emax for t=12 took: 3.6244 (sec)
calculate emax for t=11 took: 3.6508 (sec)
calculate emax for t=10 took: 3.6401 (sec)
calculate emax for t=9 took: 3.7443 (sec)
calculate emax for t=8 took: 3.7729 (sec)
calculate emax for t=7 took: 3.8821 (sec)
calculate emax for t=6 took: 3.7973 (sec)
calculate emax for t=5 took: 3.7109 (sec)
calculate emax for t=4 took: 1.6949 (sec)
calculate emax for t=3 took: 1.7107 (sec)
calculate emax for t=2 took: 0.4377 (sec)
calculate emax for t=1 took: 0.4386 (sec)
calculate emax with 298818 iterations took: 98.0648 (sec)
saved emax to emax_1960white/

===== DIAGNOSTIC: ANNUAL WOMEN (all edu levels) =====
Age  | HS:Total  HS:Marr  HS:Div  HS:Kids | SC:Total  SC:Marr  SC:Div  SC:Kids | CG:Total  CG:Marr  CG:Div  CG:Kids
 18  |    5000    0.02   0.00    0.01  |       0    0.00   0.00    0.00  |       0    0.00   0.00    0.00
 19  |    5000    0.04   0.00    0.04  |       0    0.00   0.00    0.00  |       0    0.00   0.00    0.00
 20  |    5000    0.16   0.00    0.11  |    5000    0.13   0.00    0.06  |       0    0.00   0.00    0.00
 21  |    5000    0.29   0.00    0.21  |    5000    0.26   0.00    0.18  |       0    0.00   0.00    0.00
 22  |    5000    0.41   0.00    0.33  |    5000    0.38   0.00    0.36  |    5000    0.17   0.00    0.02
 23  |    5000    0.53   0.00    0.46  |    5000    0.49   0.00    0.54  |    5000    0.30   0.00    0.06
 24  |    5000    0.62   0.00    0.61  |    5000    0.58   0.00    0.70  |    5000    0.39   0.00    0.20
 25  |    5000    0.68   0.00    0.73  |    5000    0.62   0.00    0.82  |    5000    0.53   0.00    0.28
 26  |    5000    0.74   0.00    0.90  |    5000    0.68   0.00    0.91  |    5000    0.63   0.00    0.37
 27  |    5000    0.79   0.00    1.04  |    5000    0.73   0.00    1.00  |    5000    0.72   0.00    0.45
 28  |    5000    0.81   0.00    1.14  |    5000    0.77   0.00    1.10  |    5000    0.79   0.00    0.52
 29  |    5000    0.85   0.00    1.26  |    5000    0.82   0.00    1.23  |    5000    0.83   0.00    0.78
 30  |    5000    0.87   0.00    1.34  |    5000    0.86   0.00    1.41  |    5000    0.87   0.00    0.90
 31  |    5000    0.90   0.00    1.42  |    5000    0.88   0.00    1.55  |    5000    0.89   0.00    1.03
 32  |    5000    0.92   0.00    1.50  |    5000    0.91   0.00    1.79  |    5000    0.91   0.00    1.13
 33  |    5000    0.94   0.00    1.65  |    5000    0.92   0.00    1.98  |    5000    0.93   0.00    1.24
 34  |    5000    0.95   0.00    1.82  |    5000    0.94   0.00    2.08  |    5000    0.94   0.00    1.45
 35  |    5000    0.96   0.00    2.00  |    5000    0.95   0.00    2.23  |    5000    0.96   0.00    1.61
 36  |    5000    0.97   0.00    2.20  |    5000    0.96   0.00    2.35  |    5000    0.96   0.00    1.79
 37  |    5000    0.97   0.00    2.34  |    5000    0.97   0.00    2.43  |    5000    0.97   0.00    1.99
 38  |    5000    0.97   0.00    2.46  |    5000    0.97   0.00    2.53  |    5000    0.97   0.00    2.13
 39  |    5000    0.98   0.01    2.53  |    5000    0.97   0.01    2.60  |    5000    0.98   0.00    2.28
 40  |    5000    0.98   0.01    2.59  |    5000    0.97   0.01    2.65  |    5000    0.98   0.00    2.38
 41  |    5000    0.98   0.01    2.63  |    5000    0.97   0.01    2.68  |    5000    0.98   0.00    2.45
 42  |    5000    0.98   0.01    2.67  |    5000    0.98   0.01    2.71  |    5000    0.98   0.00    2.50
 43  |    5000    0.97   0.02    2.69  |    5000    0.97   0.02    2.73  |    5000    0.99   0.00    2.53
 44  |    5000    0.97   0.02    2.70  |    5000    0.96   0.03    2.74  |    5000    0.99   0.00    2.55
 45  |    5000    0.96   0.03    2.70  |    5000    0.94   0.05    2.74  |    5000    0.99   0.00    2.55
 46  |    5000    0.96   0.03    2.70  |    5000    0.94   0.05    2.74  |    5000    0.99   0.00    2.55
 47  |    5000    0.96   0.03    2.70  |    5000    0.94   0.05    2.74  |    5000    0.99   0.00    2.55
 48  |    5000    0.96   0.03    2.70  |    5000    0.94   0.05    2.74  |    5000    0.99   0.00    2.55
 49  |    5000    0.96   0.03    2.70  |    5000    0.94   0.05    2.74  |    5000    0.99   0.00    2.55
 50  |    5000    0.96   0.03    2.70  |    5000    0.95   0.05    2.74  |    5000    0.99   0.00    2.55
 51  |       0    0.00   0.00    0.00  |       0    0.00   0.00    0.00  |       0    0.00   0.00    0.00
 52  |       0    0.00   0.00    0.00  |       0    0.00   0.00    0.00  |       0    0.00   0.00    0.00
 53  |       0    0.00   0.00    0.00  |       0    0.00   0.00    0.00  |       0    0.00   0.00    0.00
 54  |       0    0.00   0.00    0.00  |       0    0.00   0.00    0.00  |       0    0.00   0.00    0.00
 55  |       0    0.00   0.00    0.00  |       0    0.00   0.00    0.00  |       0    0.00   0.00    0.00

===== DIAGNOSTIC: ANNUAL MEN (all edu levels) =====
Age  | HS:Total  HS:Marr  HS:Div  | SC:Total  SC:Marr  SC:Div  | CG:Total  CG:Marr  CG:Div
 18  |    5000    0.02   0.00  |       0    0.00   0.00  |       0    0.00   0.00
 19  |    5000    0.03   0.00  |       0    0.00   0.00  |       0    0.00   0.00
 20  |    5000    0.16   0.00  |    5000    0.11   0.00  |       0    0.00   0.00
 21  |    5000    0.27   0.00  |    5000    0.23   0.00  |       0    0.00   0.00
 22  |    5000    0.37   0.00  |    5000    0.33   0.00  |    5000    0.12   0.00
 23  |    5000    0.48   0.00  |    5000    0.43   0.00  |    5000    0.26   0.00
 24  |    5000    0.56   0.00  |    5000    0.51   0.00  |    5000    0.37   0.00
 25  |    5000    0.64   0.00  |    5000    0.60   0.00  |    5000    0.48   0.00
 26  |    5000    0.72   0.00  |    5000    0.66   0.00  |    5000    0.59   0.00
 27  |    5000    0.77   0.00  |    5000    0.72   0.00  |    5000    0.68   0.00
 28  |    5000    0.81   0.00  |    5000    0.78   0.00  |    5000    0.72   0.00
 29  |    5000    0.85   0.00  |    5000    0.82   0.00  |    5000    0.78   0.00
 30  |    5000    0.89   0.00  |    5000    0.85   0.00  |    5000    0.82   0.00
 31  |    5000    0.91   0.00  |    5000    0.88   0.00  |    5000    0.85   0.00
 32  |    5000    0.93   0.00  |    5000    0.91   0.00  |    5000    0.88   0.00
 33  |    5000    0.95   0.00  |    5000    0.92   0.00  |    5000    0.90   0.00
 34  |    5000    0.96   0.00  |    5000    0.94   0.00  |    5000    0.92   0.00
 35  |    5000    0.97   0.00  |    5000    0.95   0.00  |    5000    0.93   0.00
 36  |    5000    0.97   0.00  |    5000    0.96   0.00  |    5000    0.94   0.00
 37  |    5000    0.98   0.00  |    5000    0.97   0.00  |    5000    0.95   0.01
 38  |    5000    0.98   0.00  |    5000    0.97   0.00  |    5000    0.95   0.01
 39  |    5000    0.99   0.00  |    5000    0.98   0.00  |    5000    0.94   0.02
 40  |    5000    0.99   0.00  |    5000    0.98   0.00  |    5000    0.94   0.03
 41  |    5000    0.99   0.00  |    5000    0.98   0.00  |    5000    0.92   0.05
 42  |    5000    0.99   0.00  |    5000    0.99   0.00  |    5000    0.92   0.05
 43  |    5000    0.99   0.00  |    5000    0.99   0.00  |    5000    0.89   0.09
 44  |    5000    0.99   0.00  |    5000    0.99   0.00  |    5000    0.87   0.10
 45  |    5000    0.99   0.00  |    5000    0.99   0.00  |    5000    0.81   0.17
 46  |    5000    0.99   0.00  |    5000    0.99   0.00  |    5000    0.82   0.16
 47  |    5000    0.99   0.00  |    5000    0.99   0.00  |    5000    0.82   0.17
 48  |    5000    0.99   0.00  |    5000    0.99   0.00  |    5000    0.82   0.17
 49  |    5000    0.99   0.00  |    5000    0.99   0.00  |    5000    0.82   0.16
 50  |    5000    0.99   0.00  |    5000    0.99   0.00  |    5000    0.82   0.16
 51  |       0    0.00   0.00  |       0    0.00   0.00  |       0    0.00   0.00
 52  |       0    0.00   0.00  |       0    0.00   0.00  |       0    0.00   0.00
 53  |       0    0.00   0.00  |       0    0.00   0.00  |       0    0.00   0.00
 54  |       0    0.00   0.00  |       0    0.00   0.00  |       0    0.00   0.00
 55  |       0    0.00   0.00  |       0    0.00   0.00  |       0    0.00   0.00

===== MARRIED WOMEN =====
  Education: HS
AgeGrp      Wage:Fit    Wage:Act    PT:Fit    PT:Act    FT:Fit    FT:Act
--------  ----------  ----------  --------  --------  --------  --------
22-26       30627.83    28299.62      0.09      0.11      0.46      0.38
27-31       34984.09    31079.76      0.08      0.15      0.53      0.38
32-36       38614.58    33510.16      0.08      0.18      0.63      0.44
37-41       41904.34    37468.02      0.08      0.17      0.69      0.49
42-46       43590.46    41622.10      0.08      0.16      0.76      0.53
  Education: SC
AgeGrp      Wage:Fit    Wage:Act    PT:Fit    PT:Act    FT:Fit    FT:Act
--------  ----------  ----------  --------  --------  --------  --------
22-26       36461.40    33188.57      0.09      0.14      0.47      0.49
27-31       43312.46    39465.98      0.10      0.17      0.59      0.45
32-36       49749.83    41303.73      0.09      0.20      0.68      0.45
37-41       53362.93    47150.67      0.08      0.20      0.73      0.49
42-46       53975.45    51982.79      0.09      0.20      0.78      0.54
  Education: CG+
AgeGrp      Wage:Fit    Wage:Act    PT:Fit    PT:Act    FT:Fit    FT:Act
--------  ----------  ----------  --------  --------  --------  --------
22-26       42762.46    43375.45      0.11      0.13      0.42      0.63
27-31       56734.47    56771.96      0.13      0.13      0.60      0.58
32-36       68428.55    67624.32      0.12      0.17      0.68      0.49
37-41       78089.83    76361.26      0.11      0.20      0.74      0.49
42-46       84557.23    80717.00      0.11      0.19      0.78      0.54

===== MARRIED MEN =====
  Education: HS
AgeGrp      Wage:Fit    Wage:Act    PT:Fit    PT:Act    FT:Fit    FT:Act
--------  ----------  ----------  --------  --------  --------  --------
22-26       43111.06    48574.63      0.02      0.03      0.74      0.82
27-31       52414.65    56665.02      0.03      0.02      0.79      0.85
32-36       59649.92    61344.61      0.03      0.02      0.83      0.84
37-41       64005.26    72364.09      0.03      0.02      0.86      0.86
42-46       64508.64    73759.31      0.03      0.02      0.88      0.84
  Education: SC
AgeGrp      Wage:Fit    Wage:Act    PT:Fit    PT:Act    FT:Fit    FT:Act
--------  ----------  ----------  --------  --------  --------  --------
22-26       51894.75    52049.90      0.03      0.07      0.74      0.82
27-31       68830.74    66848.00      0.03      0.02      0.81      0.88
32-36       83646.39    73883.59      0.04      0.02      0.85      0.91
37-41       90817.67    86511.32      0.03      0.02      0.87      0.91
42-46       89477.49    94354.83      0.03      0.02      0.89      0.88
  Education: CG+
AgeGrp      Wage:Fit    Wage:Act    PT:Fit    PT:Act    FT:Fit    FT:Act
--------  ----------  ----------  --------  --------  --------  --------
22-26       64084.56    59242.04      0.03      0.08      0.71      0.80
27-31       94891.20    84160.94      0.04      0.03      0.83      0.91
32-36      125571.61   114384.70      0.03      0.02      0.86      0.93
37-41      151021.79   142932.60      0.04      0.02      0.87      0.94
42-46      161825.04   163469.40      0.04      0.02      0.89      0.92

===== SINGLE WOMEN =====
  Education: HS
AgeGrp      Wage:Fit    Wage:Act    PT:Fit    PT:Act    FT:Fit    FT:Act
--------  ----------  ----------  --------  --------  --------  --------
22-26       29164.42    30197.19      0.15      0.11      0.45      0.56
27-31       33230.48    35159.79      0.16      0.09      0.51      0.57
32-36       37201.36    35504.30      0.16      0.10      0.56      0.56
37-41       40753.43    41620.34      0.13      0.11      0.66      0.58
42-46       42338.26    42396.61      0.09      0.09      0.73      0.56
  Education: SC
AgeGrp      Wage:Fit    Wage:Act    PT:Fit    PT:Act    FT:Fit    FT:Act
--------  ----------  ----------  --------  --------  --------  --------
22-26       34009.91    32298.52      0.13      0.17      0.49      0.57
27-31       41492.03    43924.30      0.15      0.11      0.53      0.66
32-36       47581.51    47297.61      0.20      0.11      0.54      0.67
37-41       52337.50    51427.66      0.21      0.11      0.59      0.71
42-46       51538.59    58024.34      0.15      0.08      0.68      0.71
  Education: CG+
AgeGrp      Wage:Fit    Wage:Act    PT:Fit    PT:Act    FT:Fit    FT:Act
--------  ----------  ----------  --------  --------  --------  --------
22-26       40009.72    39496.12      0.10      0.16      0.45      0.67
27-31       57333.54    62152.83      0.11      0.07      0.67      0.83
32-36       68081.62    74037.73      0.11      0.07      0.72      0.82
37-41       78206.50    84020.55      0.10      0.07      0.75      0.81
42-46       82634.61    90903.29      0.11      0.07      0.76      0.78

===== SINGLE MEN =====
  Education: HS
AgeGrp      Wage:Fit    Wage:Act    PT:Fit    PT:Act    FT:Fit    FT:Act
--------  ----------  ----------  --------  --------  --------  --------
22-26       42250.41    39492.87      0.03      0.07      0.75      0.65
27-31       52285.76    47033.33      0.02      0.05      0.77      0.71
32-36       59875.75    53354.27      0.02      0.05      0.81      0.67
37-41       68914.21    55573.67      0.00      0.05      0.86      0.70
42-46       67619.19    57158.97      0.01      0.05      0.93      0.64
  Education: SC
AgeGrp      Wage:Fit    Wage:Act    PT:Fit    PT:Act    FT:Fit    FT:Act
--------  ----------  ----------  --------  --------  --------  --------
22-26       51142.46    37361.30      0.03      0.17      0.75      0.50
27-31       69536.69    52847.48      0.03      0.06      0.80      0.78
32-36       85811.10    59169.55      0.02      0.04      0.83      0.76
37-41       95896.19    66603.93      0.03      0.05      0.88      0.76
42-46       96406.59    74786.66      0.03      0.05      0.90      0.74
  Education: CG+
AgeGrp      Wage:Fit    Wage:Act    PT:Fit    PT:Act    FT:Fit    FT:Act
--------  ----------  ----------  --------  --------  --------  --------
22-26       56066.34    49129.95      0.03      0.13      0.69      0.64
27-31       92905.20    72635.45      0.04      0.06      0.82      0.82
32-36      128456.24    92698.45      0.05      0.06      0.85      0.84
37-41      183864.06   108479.00      0.02      0.04      0.90      0.85
42-46      195771.39   126150.70      0.01      0.05      0.95      0.78

===== MARRIAGE/DIVORCE WOMEN =====
  Education: HS
AgeGrp      Marr:Fit    Marr:Act    Div:Fit    Div:Act
--------  ----------  ----------  ---------  ---------
22-26           0.60        0.62       0.00       0.08
27-31           0.85        0.70       0.00       0.11
32-36           0.95        0.72       0.00       0.14
37-41           0.98        0.72       0.01       0.16
42-46           0.97        0.70       0.02       0.18
  Education: SC
AgeGrp      Marr:Fit    Marr:Act    Div:Fit    Div:Act
--------  ----------  ----------  ---------  ---------
22-26           0.55        0.47       0.00       0.05
27-31           0.81        0.68       0.00       0.11
32-36           0.93        0.71       0.00       0.14
37-41           0.97        0.71       0.00       0.16
42-46           0.96        0.70       0.03       0.17
  Education: CG+
AgeGrp      Marr:Fit    Marr:Act    Div:Fit    Div:Act
--------  ----------  ----------  ---------  ---------
22-26           0.41        0.38       0.00       0.01
27-31           0.82        0.63       0.00       0.05
32-36           0.94        0.73       0.00       0.07
37-41           0.98        0.75       0.00       0.10
42-46           0.99        0.77       0.00       0.11

===== MARRIAGE/DIVORCE MEN =====
  Education: HS
AgeGrp      Marr:Fit    Marr:Act    Div:Fit    Div:Act
--------  ----------  ----------  ---------  ---------
22-26           0.55        0.47       0.00       0.05
27-31           0.85        0.62       0.00       0.09
32-36           0.96        0.66       0.00       0.12
37-41           0.99        0.66       0.00       0.16
42-46           0.99        0.66       0.00       0.16
  Education: SC
AgeGrp      Marr:Fit    Marr:Act    Div:Fit    Div:Act
--------  ----------  ----------  ---------  ---------
22-26           0.51        0.31       0.00       0.02
27-31           0.81        0.59       0.00       0.08
32-36           0.93        0.70       0.00       0.09
37-41           0.98        0.70       0.00       0.13
42-46           0.99        0.72       0.00       0.14
  Education: CG+
AgeGrp      Marr:Fit    Marr:Act    Div:Fit    Div:Act
--------  ----------  ----------  ---------  ---------
22-26           0.36        0.29       0.00       0.01
27-31           0.77        0.57       0.00       0.03
32-36           0.91        0.73       0.00       0.05
37-41           0.94        0.78       0.02       0.07
42-46           0.86        0.79       0.11       0.07

===== FERTILITY MARRIED =====
  Education: HS
AgeGrp      Fert:Fit    Fert:Act    Chless:Fit    Chless:Act
--------  ----------  ----------  ------------  ------------
22-26           1.02        1.33          0.52          0.24
27-31           1.46        1.71          0.31          0.15
32-36           1.91        2.00          0.14          0.11
37-41           2.52        2.11          0.04          0.10
42-46           2.70        2.00          0.02          0.08
  Education: SC
AgeGrp      Fert:Fit    Fert:Act    Chless:Fit    Chless:Act
--------  ----------  ----------  ------------  ------------
22-26           1.21        0.82          0.48          0.45
27-31           1.55        1.45          0.36          0.25
32-36           2.22        1.89          0.09          0.15
37-41           2.60        2.07          0.04          0.11
42-46           2.74        2.10          0.02          0.07
  Education: CG+
AgeGrp      Fert:Fit    Fert:Act    Chless:Fit    Chless:Act
--------  ----------  ----------  ------------  ------------
22-26           0.45        0.40          0.70          0.70
27-31           0.90        0.93          0.50          0.43
32-36           1.54        1.49          0.25          0.24
37-41           2.28        1.87          0.06          0.15
42-46           2.55        1.95          0.03          0.09

===== FERTILITY UNMARRIED =====
  Education: HS
AgeGrp      Fert:Fit    Fert:Act    Chless:Fit    Chless:Act
--------  ----------  ----------  ------------  ------------
22-26           0.00        0.64          1.00          0.61
27-31           0.00        1.09          1.00          0.43
32-36           0.34        1.46          0.67          0.31
37-41           2.01        1.62          0.03          0.30
42-46           2.61        1.64          0.01          0.17
  Education: SC
AgeGrp      Fert:Fit    Fert:Act    Chless:Fit    Chless:Act
--------  ----------  ----------  ------------  ------------
22-26           0.00        0.19          1.00          0.87
27-31           0.00        0.59          1.00          0.65
32-36           0.20        1.02          0.83          0.46
37-41           1.91        1.29          0.06          0.36
42-46           2.50        1.35          0.01          0.19
  Education: CG+
AgeGrp      Fert:Fit    Fert:Act    Chless:Fit    Chless:Act
--------  ----------  ----------  ------------  ------------
22-26           0.00        0.02          1.00          0.99
27-31           0.00        0.14          1.00          0.90
32-36           0.01        0.34          0.99          0.80
37-41           0.95        0.57          0.35          0.69
42-46           1.41        0.88          0.26          0.32

===== ASSORTATIVE MATING (WOMEN, ages 42-46) =====
OwnEdu      HS:Fit    HS:Act    SC:Fit    SC:Act    CG:Fit    CG:Act
--------  --------  --------  --------  --------  --------  --------
HS            0.59      0.66      0.30      0.22      0.10      0.12
SC            0.47      0.32      0.42      0.39      0.12      0.30
CG+           0.38      0.13      0.29      0.18      0.33      0.69

===== ASSORTATIVE MATING (MEN, ages 42-46) =====
OwnEdu      HS:Fit    HS:Act    SC:Fit    SC:Act    CG:Fit    CG:Act
--------  --------  --------  --------  --------  --------  --------
HS            0.55      0.62      0.29      0.27      0.16      0.11
SC            0.35      0.30      0.43      0.47      0.23      0.23
CG+           0.31      0.11      0.21      0.23      0.48      0.65

===== OBJECTIVE FUNCTION =====
Total: 2887.27
  Wage wife married:     15.23
  Emp wife married:      213.56
  Wage husband married:  45.31
  Emp husband married:   19.70
  Wage wife single:      14.76
  Emp wife single:       80.80
  Wage husband single:   1009.09
  Emp husband single:    107.89
  Marriage women:        404.05
  Divorce women:         127.04
  Marriage men:          510.12
  Divorce men:           87.91
  Fertility married:     0.15
  Childless married:     101.51
  Fertility unmarried:   0.48
  Childless unmarried:   845.79
  Assortative women:     300.48
  Assortative men:       87.77
2887.2673115044163
