1960
calculate emax for t=33 took: 1.0155 (sec)
calculate emax for t=32 took: 0.6159 (sec)
calculate emax for t=31 took: 0.6462 (sec)
calculate emax for t=30 took: 0.7613 (sec)
calculate emax for t=29 took: 0.8798 (sec)
calculate emax for t=28 took: 1.0073 (sec)
calculate emax for t=27 took: 1.9636 (sec)
calculate emax for t=26 took: 2.1688 (sec)
calculate emax for t=25 took: 2.1086 (sec)
calculate emax for t=24 took: 2.2059 (sec)
calculate emax for t=23 took: 2.2810 (sec)
calculate emax for t=22 took: 1.3983 (sec)
calculate emax for t=21 took: 1.4017 (sec)
calculate emax for t=20 took: 1.4044 (sec)
calculate emax for t=19 took: 1.3992 (sec)
calculate emax for t=18 took: 1.4132 (sec)
calculate emax for t=17 took: 1.4371 (sec)
calculate emax for t=16 took: 1.4575 (sec)
calculate emax for t=15 took: 1.4891 (sec)
calculate emax for t=14 took: 1.4108 (sec)
calculate emax for t=13 took: 1.4091 (sec)
calculate emax for t=12 took: 1.4293 (sec)
calculate emax for t=11 took: 1.4050 (sec)
calculate emax for t=10 took: 1.3947 (sec)
calculate emax for t=9 took: 1.3946 (sec)
calculate emax for t=8 took: 1.4156 (sec)
calculate emax for t=7 took: 1.4181 (sec)
calculate emax for t=6 took: 1.4142 (sec)
calculate emax for t=5 took: 1.4065 (sec)
calculate emax for t=4 took: 0.6408 (sec)
calculate emax for t=3 took: 0.6389 (sec)
calculate emax for t=2 took: 0.1730 (sec)
calculate emax for t=1 took: 0.1742 (sec)
calculate emax with 298818 iterations took: 42.7897 (sec)
saved emax to emax_1960white/

===== DIAGNOSTIC: ANNUAL WOMEN (all edu levels) =====
Age  | HS:Total  HS:Marr  HS:Div  HS:Kids | SC:Total  SC:Marr  SC:Div  SC:Kids | CG:Total  CG:Marr  CG:Div  CG:Kids
 18  |    5000    0.02   0.00    0.01  |       0    0.00   0.00    0.00  |       0    0.00   0.00    0.00
 19  |    5000    0.04   0.00    0.04  |       0    0.00   0.00    0.00  |       0    0.00   0.00    0.00
 20  |    5000    0.14   0.00    0.10  |    5000    0.12   0.00    0.06  |       0    0.00   0.00    0.00
 21  |    5000    0.27   0.00    0.21  |    5000    0.25   0.00    0.17  |       0    0.00   0.00    0.00
 22  |    5000    0.40   0.00    0.35  |    5000    0.37   0.00    0.35  |    5000    0.16   0.00    0.02
 23  |    5000    0.52   0.00    0.51  |    5000    0.47   0.00    0.54  |    5000    0.29   0.00    0.05
 24  |    5000    0.62   0.00    0.65  |    5000    0.56   0.00    0.71  |    5000    0.39   0.00    0.19
 25  |    5000    0.67   0.00    0.76  |    5000    0.61   0.00    0.85  |    5000    0.53   0.00    0.27
 26  |    5000    0.71   0.00    0.89  |    5000    0.67   0.00    0.96  |    5000    0.64   0.00    0.36
 27  |    5000    0.77   0.00    1.02  |    5000    0.71   0.00    1.04  |    5000    0.73   0.00    0.44
 28  |    5000    0.81   0.00    1.13  |    5000    0.76   0.00    1.11  |    5000    0.80   0.00    0.51
 29  |    5000    0.85   0.00    1.20  |    5000    0.80   0.00    1.16  |    5000    0.84   0.00    0.68
 30  |    5000    0.88   0.00    1.29  |    5000    0.84   0.00    1.29  |    5000    0.88   0.00    0.77
 31  |    5000    0.90   0.00    1.40  |    5000    0.87   0.00    1.42  |    5000    0.90   0.00    0.85
 32  |    5000    0.92   0.00    1.53  |    5000    0.89   0.00    1.64  |    5000    0.92   0.00    0.91
 33  |    5000    0.94   0.00    1.67  |    5000    0.91   0.00    1.78  |    5000    0.94   0.00    0.97
 34  |    5000    0.95   0.00    1.87  |    5000    0.93   0.00    1.95  |    5000    0.95   0.00    1.19
 35  |    5000    0.96   0.00    2.08  |    5000    0.94   0.00    2.12  |    5000    0.96   0.00    1.40
 36  |    5000    0.97   0.00    2.26  |    5000    0.96   0.00    2.26  |    5000    0.97   0.00    1.62
 37  |    5000    0.97   0.00    2.39  |    5000    0.96   0.00    2.37  |    5000    0.97   0.00    1.85
 38  |    5000    0.97   0.00    2.50  |    5000    0.97   0.00    2.48  |    5000    0.98   0.00    2.00
 39  |    5000    0.97   0.01    2.56  |    5000    0.97   0.01    2.56  |    5000    0.98   0.00    2.18
 40  |    5000    0.97   0.01    2.61  |    5000    0.97   0.01    2.62  |    5000    0.98   0.00    2.29
 41  |    5000    0.97   0.01    2.66  |    5000    0.97   0.01    2.66  |    5000    0.99   0.00    2.36
 42  |    5000    0.97   0.01    2.69  |    5000    0.97   0.01    2.69  |    5000    0.99   0.00    2.42
 43  |    5000    0.96   0.02    2.71  |    5000    0.96   0.02    2.71  |    5000    0.99   0.00    2.46
 44  |    5000    0.96   0.03    2.72  |    5000    0.96   0.03    2.72  |    5000    0.99   0.00    2.48
 45  |    5000    0.95   0.04    2.72  |    5000    0.94   0.05    2.72  |    5000    0.99   0.00    2.48
 46  |    5000    0.96   0.03    2.72  |    5000    0.95   0.04    2.72  |    5000    0.99   0.00    2.48
 47  |    5000    0.96   0.03    2.72  |    5000    0.95   0.04    2.72  |    5000    0.99   0.00    2.48
 48  |    5000    0.96   0.03    2.72  |    5000    0.95   0.04    2.72  |    5000    0.99   0.00    2.48
 49  |    5000    0.96   0.03    2.72  |    5000    0.95   0.04    2.72  |    5000    0.99   0.00    2.48
 50  |    5000    0.96   0.03    2.72  |    5000    0.95   0.04    2.72  |    5000    0.99   0.00    2.48
 51  |       0    0.00   0.00    0.00  |       0    0.00   0.00    0.00  |       0    0.00   0.00    0.00
 52  |       0    0.00   0.00    0.00  |       0    0.00   0.00    0.00  |       0    0.00   0.00    0.00
 53  |       0    0.00   0.00    0.00  |       0    0.00   0.00    0.00  |       0    0.00   0.00    0.00
 54  |       0    0.00   0.00    0.00  |       0    0.00   0.00    0.00  |       0    0.00   0.00    0.00
 55  |       0    0.00   0.00    0.00  |       0    0.00   0.00    0.00  |       0    0.00   0.00    0.00

===== DIAGNOSTIC: ANNUAL MEN (all edu levels) =====
Age  | HS:Total  HS:Marr  HS:Div  | SC:Total  SC:Marr  SC:Div  | CG:Total  CG:Marr  CG:Div
 18  |    5000    0.02   0.00  |       0    0.00   0.00  |       0    0.00   0.00
 19  |    5000    0.04   0.00  |       0    0.00   0.00  |       0    0.00   0.00
 20  |    5000    0.14   0.00  |    5000    0.11   0.00  |       0    0.00   0.00
 21  |    5000    0.25   0.00  |    5000    0.22   0.00  |       0    0.00   0.00
 22  |    5000    0.35   0.00  |    5000    0.32   0.00  |    5000    0.12   0.00
 23  |    5000    0.46   0.00  |    5000    0.41   0.00  |    5000    0.27   0.00
 24  |    5000    0.54   0.00  |    5000    0.50   0.00  |    5000    0.38   0.00
 25  |    5000    0.63   0.00  |    5000    0.58   0.00  |    5000    0.46   0.00
 26  |    5000    0.69   0.00  |    5000    0.64   0.00  |    5000    0.57   0.00
 27  |    5000    0.76   0.00  |    5000    0.69   0.00  |    5000    0.67   0.00
 28  |    5000    0.80   0.00  |    5000    0.76   0.00  |    5000    0.72   0.00
 29  |    5000    0.84   0.00  |    5000    0.81   0.00  |    5000    0.78   0.00
 30  |    5000    0.88   0.00  |    5000    0.84   0.00  |    5000    0.84   0.00
 31  |    5000    0.91   0.00  |    5000    0.86   0.00  |    5000    0.86   0.00
 32  |    5000    0.93   0.00  |    5000    0.89   0.00  |    5000    0.89   0.00
 33  |    5000    0.95   0.00  |    5000    0.91   0.00  |    5000    0.91   0.00
 34  |    5000    0.96   0.00  |    5000    0.92   0.00  |    5000    0.93   0.00
 35  |    5000    0.97   0.00  |    5000    0.94   0.00  |    5000    0.93   0.00
 36  |    5000    0.98   0.00  |    5000    0.95   0.00  |    5000    0.94   0.01
 37  |    5000    0.98   0.00  |    5000    0.96   0.00  |    5000    0.95   0.01
 38  |    5000    0.98   0.00  |    5000    0.97   0.00  |    5000    0.95   0.02
 39  |    5000    0.99   0.00  |    5000    0.98   0.00  |    5000    0.94   0.03
 40  |    5000    0.99   0.00  |    5000    0.98   0.00  |    5000    0.94   0.03
 41  |    5000    0.99   0.00  |    5000    0.98   0.00  |    5000    0.92   0.06
 42  |    5000    0.99   0.00  |    5000    0.98   0.00  |    5000    0.92   0.06
 43  |    5000    0.99   0.00  |    5000    0.99   0.00  |    5000    0.87   0.11
 44  |    5000    1.00   0.00  |    5000    0.99   0.00  |    5000    0.86   0.12
 45  |    5000    1.00   0.00  |    5000    0.99   0.00  |    5000    0.79   0.19
 46  |    5000    1.00   0.00  |    5000    0.99   0.00  |    5000    0.80   0.19
 47  |    5000    1.00   0.00  |    5000    0.99   0.00  |    5000    0.80   0.19
 48  |    5000    1.00   0.00  |    5000    0.99   0.00  |    5000    0.80   0.19
 49  |    5000    1.00   0.00  |    5000    0.99   0.00  |    5000    0.80   0.18
 50  |    5000    1.00   0.00  |    5000    0.99   0.00  |    5000    0.80   0.18
 51  |       0    0.00   0.00  |       0    0.00   0.00  |       0    0.00   0.00
 52  |       0    0.00   0.00  |       0    0.00   0.00  |       0    0.00   0.00
 53  |       0    0.00   0.00  |       0    0.00   0.00  |       0    0.00   0.00
 54  |       0    0.00   0.00  |       0    0.00   0.00  |       0    0.00   0.00
 55  |       0    0.00   0.00  |       0    0.00   0.00  |       0    0.00   0.00

===== MARRIED WOMEN =====
  Education: HS
AgeGrp      Wage:Fit    Wage:Act    PT:Fit    PT:Act    FT:Fit    FT:Act
--------  ----------  ----------  --------  --------  --------  --------
22-26       30582.33    28299.62      0.08      0.11      0.48      0.38
27-31       34610.02    31079.76      0.08      0.15      0.55      0.38
32-36       38804.97    33510.16      0.08      0.18      0.63      0.44
37-41       41873.41    37468.02      0.07      0.17      0.70      0.49
42-46       43824.11    41622.10      0.08      0.16      0.77      0.53
  Education: SC
AgeGrp      Wage:Fit    Wage:Act    PT:Fit    PT:Act    FT:Fit    FT:Act
--------  ----------  ----------  --------  --------  --------  --------
22-26       36348.37    33188.57      0.09      0.14      0.46      0.49
27-31       43325.24    39465.98      0.09      0.17      0.58      0.45
32-36       49178.04    41303.73      0.10      0.20      0.67      0.45
37-41       53091.30    47150.67      0.09      0.20      0.73      0.49
42-46       53673.04    51982.79      0.09      0.20      0.78      0.54
  Education: CG+
AgeGrp      Wage:Fit    Wage:Act    PT:Fit    PT:Act    FT:Fit    FT:Act
--------  ----------  ----------  --------  --------  --------  --------
22-26       43175.92    43375.45      0.12      0.13      0.42      0.63
27-31       56418.18    56771.96      0.13      0.13      0.59      0.58
32-36       68163.72    67624.32      0.13      0.17      0.68      0.49
37-41       78115.17    76361.26      0.11      0.20      0.74      0.49
42-46       84681.66    80717.00      0.11      0.19      0.78      0.54

===== MARRIED MEN =====
  Education: HS
AgeGrp      Wage:Fit    Wage:Act    PT:Fit    PT:Act    FT:Fit    FT:Act
--------  ----------  ----------  --------  --------  --------  --------
22-26       42963.29    48574.63      0.03      0.03      0.73      0.82
27-31       52483.09    56665.02      0.03      0.02      0.78      0.85
32-36       60000.67    61344.61      0.03      0.02      0.83      0.84
37-41       64237.72    72364.09      0.03      0.02      0.85      0.86
42-46       64529.02    73759.31      0.04      0.02      0.87      0.84
  Education: SC
AgeGrp      Wage:Fit    Wage:Act    PT:Fit    PT:Act    FT:Fit    FT:Act
--------  ----------  ----------  --------  --------  --------  --------
22-26       51711.84    52049.90      0.04      0.07      0.74      0.82
27-31       68993.76    66848.00      0.04      0.02      0.81      0.88
32-36       83179.08    73883.59      0.03      0.02      0.84      0.91
37-41       90903.07    86511.32      0.03      0.02      0.87      0.91
42-46       89866.99    94354.83      0.04      0.02      0.88      0.88
  Education: CG+
AgeGrp      Wage:Fit    Wage:Act    PT:Fit    PT:Act    FT:Fit    FT:Act
--------  ----------  ----------  --------  --------  --------  --------
22-26       64259.36    59242.04      0.03      0.08      0.71      0.80
27-31       94647.10    84160.94      0.04      0.03      0.83      0.91
32-36      124887.26   114384.70      0.04      0.02      0.86      0.93
37-41      149221.78   142932.60      0.04      0.02      0.88      0.94
42-46      161996.43   163469.40      0.04      0.02      0.89      0.92

===== SINGLE WOMEN =====
  Education: HS
AgeGrp      Wage:Fit    Wage:Act    PT:Fit    PT:Act    FT:Fit    FT:Act
--------  ----------  ----------  --------  --------  --------  --------
22-26       29198.62    30197.19      0.14      0.11      0.48      0.56
27-31       33282.20    35159.79      0.15      0.09      0.50      0.57
32-36       37565.70    35504.30      0.17      0.10      0.56      0.56
37-41       40078.60    41620.34      0.15      0.11      0.64      0.58
42-46       42108.71    42396.61      0.10      0.09      0.72      0.56
  Education: SC
AgeGrp      Wage:Fit    Wage:Act    PT:Fit    PT:Act    FT:Fit    FT:Act
--------  ----------  ----------  --------  --------  --------  --------
22-26       33767.37    32298.52      0.14      0.17      0.46      0.57
27-31       40834.60    43924.30      0.17      0.11      0.51      0.66
32-36       47110.82    47297.61      0.21      0.11      0.53      0.67
37-41       50380.54    51427.66      0.19      0.11      0.63      0.71
42-46       51158.69    58024.34      0.14      0.08      0.71      0.71
  Education: CG+
AgeGrp      Wage:Fit    Wage:Act    PT:Fit    PT:Act    FT:Fit    FT:Act
--------  ----------  ----------  --------  --------  --------  --------
22-26       40184.85    39496.12      0.10      0.16      0.45      0.67
27-31       58052.33    62152.83      0.11      0.07      0.67      0.83
32-36       70187.20    74037.73      0.09      0.07      0.75      0.82
37-41       77246.49    84020.55      0.07      0.07      0.77      0.81
42-46       86710.99    90903.29      0.04      0.07      0.85      0.78

===== SINGLE MEN =====
  Education: HS
AgeGrp      Wage:Fit    Wage:Act    PT:Fit    PT:Act    FT:Fit    FT:Act
--------  ----------  ----------  --------  --------  --------  --------
22-26       43428.41    39492.87      0.03      0.07      0.74      0.65
27-31       52356.81    47033.33      0.03      0.05      0.77      0.71
32-36       59791.99    53354.27      0.04      0.05      0.82      0.67
37-41       67950.49    55573.67      0.03      0.05      0.85      0.70
42-46       72334.61    57158.97      0.03      0.05      0.82      0.64
  Education: SC
AgeGrp      Wage:Fit    Wage:Act    PT:Fit    PT:Act    FT:Fit    FT:Act
--------  ----------  ----------  --------  --------  --------  --------
22-26       51607.03    37361.30      0.03      0.17      0.77      0.50
27-31       70117.70    52847.48      0.03      0.06      0.80      0.78
32-36       87122.14    59169.55      0.02      0.04      0.83      0.76
37-41       93687.91    66603.93      0.03      0.05      0.87      0.76
42-46       94326.29    74786.66      0.04      0.05      0.85      0.74
  Education: CG+
AgeGrp      Wage:Fit    Wage:Act    PT:Fit    PT:Act    FT:Fit    FT:Act
--------  ----------  ----------  --------  --------  --------  --------
22-26       55774.03    49129.95      0.03      0.13      0.70      0.64
27-31       92000.15    72635.45      0.03      0.06      0.83      0.82
32-36      127776.39    92698.45      0.03      0.06      0.84      0.84
37-41      189766.01   108479.00      0.02      0.04      0.91      0.85
42-46      197469.23   126150.70      0.01      0.05      0.96      0.78

===== MARRIAGE/DIVORCE WOMEN =====
  Education: HS
AgeGrp      Marr:Fit    Marr:Act    Div:Fit    Div:Act
--------  ----------  ----------  ---------  ---------
22-26           0.58        0.62       0.00       0.08
27-31           0.84        0.70       0.00       0.11
32-36           0.95        0.72       0.00       0.14
37-41           0.97        0.72       0.01       0.16
42-46           0.96        0.70       0.03       0.18
  Education: SC
AgeGrp      Marr:Fit    Marr:Act    Div:Fit    Div:Act
--------  ----------  ----------  ---------  ---------
22-26           0.54        0.47       0.00       0.05
27-31           0.80        0.68       0.00       0.11
32-36           0.93        0.71       0.00       0.14
37-41           0.97        0.71       0.01       0.16
42-46           0.96        0.70       0.03       0.17
  Education: CG+
AgeGrp      Marr:Fit    Marr:Act    Div:Fit    Div:Act
--------  ----------  ----------  ---------  ---------
22-26           0.40        0.38       0.00       0.01
27-31           0.83        0.63       0.00       0.05
32-36           0.95        0.73       0.00       0.07
37-41           0.98        0.75       0.00       0.10
42-46           0.99        0.77       0.00       0.11

===== MARRIAGE/DIVORCE MEN =====
  Education: HS
AgeGrp      Marr:Fit    Marr:Act    Div:Fit    Div:Act
--------  ----------  ----------  ---------  ---------
22-26           0.54        0.47       0.00       0.05
27-31           0.84        0.62       0.00       0.09
32-36           0.96        0.66       0.00       0.12
37-41           0.99        0.66       0.00       0.16
42-46           0.99        0.66       0.00       0.16
  Education: SC
AgeGrp      Marr:Fit    Marr:Act    Div:Fit    Div:Act
--------  ----------  ----------  ---------  ---------
22-26           0.49        0.31       0.00       0.02
27-31           0.79        0.59       0.00       0.08
32-36           0.92        0.70       0.00       0.09
37-41           0.97        0.70       0.00       0.13
42-46           0.99        0.72       0.00       0.14
  Education: CG+
AgeGrp      Marr:Fit    Marr:Act    Div:Fit    Div:Act
--------  ----------  ----------  ---------  ---------
22-26           0.36        0.29       0.00       0.01
27-31           0.78        0.57       0.00       0.03
32-36           0.92        0.73       0.00       0.05
37-41           0.94        0.78       0.03       0.07
42-46           0.85        0.79       0.13       0.07

===== FERTILITY MARRIED =====
  Education: HS
AgeGrp      Fert:Fit    Fert:Act    Chless:Fit    Chless:Act
--------  ----------  ----------  ------------  ------------
22-26           1.09        1.33          0.43          0.24
27-31           1.44        1.71          0.29          0.15
32-36           1.96        2.00          0.12          0.11
37-41           2.56        2.11          0.03          0.10
42-46           2.72        2.00          0.01          0.08
  Education: SC
AgeGrp      Fert:Fit    Fert:Act    Chless:Fit    Chless:Act
--------  ----------  ----------  ------------  ------------
22-26           1.27        0.82          0.44          0.45
27-31           1.51        1.45          0.40          0.25
32-36           2.09        1.89          0.14          0.15
37-41           2.56        2.07          0.04          0.11
42-46           2.72        2.10          0.02          0.07
  Education: CG+
AgeGrp      Fert:Fit    Fert:Act    Chless:Fit    Chless:Act
--------  ----------  ----------  ------------  ------------
22-26           0.44        0.40          0.71          0.70
27-31           0.78        0.93          0.59          0.43
32-36           1.28        1.49          0.36          0.24
37-41           2.16        1.87          0.07          0.15
42-46           2.47        1.95          0.04          0.09

===== FERTILITY UNMARRIED =====
  Education: HS
AgeGrp      Fert:Fit    Fert:Act    Chless:Fit    Chless:Act
--------  ----------  ----------  ------------  ------------
22-26           0.00        0.64          1.00          0.61
27-31           0.00        1.09          1.00          0.43
32-36           0.41        1.46          0.67          0.31
37-41           2.08        1.62          0.02          0.30
42-46           2.64        1.64          0.00          0.17
  Education: SC
AgeGrp      Fert:Fit    Fert:Act    Chless:Fit    Chless:Act
--------  ----------  ----------  ------------  ------------
22-26           0.00        0.19          1.00          0.87
27-31           0.00        0.59          1.00          0.65
32-36           0.23        1.02          0.82          0.46
37-41           1.99        1.29          0.06          0.36
42-46           2.55        1.35          0.02          0.19
  Education: CG+
AgeGrp      Fert:Fit    Fert:Act    Chless:Fit    Chless:Act
--------  ----------  ----------  ------------  ------------
22-26           0.00        0.02          1.00          0.99
27-31           0.00        0.14          1.00          0.90
32-36           0.01        0.34          0.99          0.80
37-41           1.02        0.57          0.31          0.69
42-46           1.72        0.88          0.15          0.32

===== ASSORTATIVE MATING (WOMEN, ages 42-46) =====
OwnEdu      HS:Fit    HS:Act    SC:Fit    SC:Act    CG:Fit    CG:Act
--------  --------  --------  --------  --------  --------  --------
HS            0.60      0.66      0.31      0.22      0.09      0.12
SC            0.46      0.32      0.41      0.39      0.13      0.30
CG+           0.40      0.13      0.26      0.18      0.34      0.69

===== ASSORTATIVE MATING (MEN, ages 42-46) =====
OwnEdu      HS:Fit    HS:Act    SC:Fit    SC:Act    CG:Fit    CG:Act
--------  --------  --------  --------  --------  --------  --------
HS            0.55      0.62      0.27      0.27      0.18      0.11
SC            0.34      0.30      0.43      0.47      0.24      0.23
CG+           0.28      0.11      0.24      0.23      0.49      0.65

===== OBJECTIVE FUNCTION =====
Total: 2837.68
  Wage wife married:     14.28
  Emp wife married:      212.38
  Wage husband married:  41.32
  Emp husband married:   20.19
  Wage wife single:      11.12
  Emp wife single:       75.94
  Wage husband single:   1080.68
  Emp husband single:    86.72
  Marriage women:        398.27
  Divorce women:         125.22
  Marriage men:          494.58
  Divorce men:           88.63
  Fertility married:     0.14
  Childless married:     97.01
  Fertility unmarried:   0.52
  Childless unmarried:   873.02
  Assortative women:     292.58
  Assortative men:       72.47
2837.6807305330885
