1960
calculate emax for t=33 took: 3.0053 (sec)
calculate emax for t=32 took: 1.6807 (sec)
calculate emax for t=31 took: 1.7252 (sec)
calculate emax for t=30 took: 1.6275 (sec)
calculate emax for t=29 took: 1.7168 (sec)
calculate emax for t=28 took: 1.6659 (sec)
calculate emax for t=27 took: 3.7540 (sec)
calculate emax for t=26 took: 3.6120 (sec)
calculate emax for t=25 took: 3.6006 (sec)
calculate emax for t=24 took: 3.6527 (sec)
calculate emax for t=23 took: 3.5869 (sec)
calculate emax for t=22 took: 3.5983 (sec)
calculate emax for t=21 took: 3.5920 (sec)
calculate emax for t=20 took: 3.5917 (sec)
calculate emax for t=19 took: 3.6377 (sec)
calculate emax for t=18 took: 3.7528 (sec)
calculate emax for t=17 took: 3.5867 (sec)
calculate emax for t=16 took: 3.7232 (sec)
calculate emax for t=15 took: 3.5931 (sec)
calculate emax for t=14 took: 3.5891 (sec)
calculate emax for t=13 took: 3.5427 (sec)
calculate emax for t=12 took: 3.5403 (sec)
calculate emax for t=11 took: 3.5344 (sec)
calculate emax for t=10 took: 3.5286 (sec)
calculate emax for t=9 took: 3.5877 (sec)
calculate emax for t=8 took: 3.5581 (sec)
calculate emax for t=7 took: 3.5402 (sec)
calculate emax for t=6 took: 3.5685 (sec)
calculate emax for t=5 took: 3.5548 (sec)
calculate emax for t=4 took: 1.6111 (sec)
calculate emax for t=3 took: 1.6182 (sec)
calculate emax for t=2 took: 0.4486 (sec)
calculate emax for t=1 took: 0.4222 (sec)
calculate emax with 298818 iterations took: 98.3612 (sec)
saved emax to emax_1960white/

===== DIAGNOSTIC: ANNUAL WOMEN (all edu levels) =====
Age  | HS:Total  HS:Marr  HS:Div  HS:Kids | SC:Total  SC:Marr  SC:Div  SC:Kids | CG:Total  CG:Marr  CG:Div  CG:Kids
 18  |    5000    0.02   0.00    0.01  |       0    0.00   0.00    0.00  |       0    0.00   0.00    0.00
 19  |    5000    0.04   0.00    0.03  |       0    0.00   0.00    0.00  |       0    0.00   0.00    0.00
 20  |    5000    0.15   0.00    0.10  |    5000    0.12   0.00    0.06  |       0    0.00   0.00    0.00
 21  |    5000    0.27   0.00    0.19  |    5000    0.26   0.00    0.19  |       0    0.00   0.00    0.00
 22  |    5000    0.39   0.00    0.31  |    5000    0.38   0.00    0.37  |    5000    0.17   0.00    0.01
 23  |    5000    0.51   0.00    0.44  |    5000    0.49   0.00    0.56  |    5000    0.29   0.00    0.06
 24  |    5000    0.61   0.00    0.59  |    5000    0.58   0.00    0.72  |    5000    0.38   0.00    0.20
 25  |    5000    0.67   0.00    0.70  |    5000    0.63   0.00    0.85  |    5000    0.53   0.00    0.28
 26  |    5000    0.72   0.00    0.88  |    5000    0.68   0.00    0.95  |    5000    0.65   0.00    0.38
 27  |    5000    0.77   0.00    1.01  |    5000    0.73   0.00    1.03  |    5000    0.74   0.00    0.47
 28  |    5000    0.80   0.00    1.11  |    5000    0.77   0.00    1.15  |    5000    0.81   0.00    0.54
 29  |    5000    0.85   0.00    1.24  |    5000    0.82   0.00    1.26  |    5000    0.85   0.00    0.80
 30  |    5000    0.87   0.00    1.34  |    5000    0.86   0.00    1.44  |    5000    0.88   0.00    0.91
 31  |    5000    0.90   0.00    1.42  |    5000    0.88   0.00    1.57  |    5000    0.90   0.00    1.04
 32  |    5000    0.92   0.00    1.50  |    5000    0.90   0.00    1.81  |    5000    0.93   0.00    1.14
 33  |    5000    0.94   0.00    1.64  |    5000    0.92   0.00    2.00  |    5000    0.94   0.00    1.24
 34  |    5000    0.95   0.00    1.84  |    5000    0.94   0.00    2.09  |    5000    0.95   0.00    1.45
 35  |    5000    0.96   0.00    2.03  |    5000    0.95   0.00    2.25  |    5000    0.96   0.00    1.60
 36  |    5000    0.97   0.00    2.23  |    5000    0.96   0.00    2.36  |    5000    0.97   0.00    1.79
 37  |    5000    0.97   0.00    2.37  |    5000    0.97   0.00    2.45  |    5000    0.97   0.00    2.00
 38  |    5000    0.98   0.00    2.49  |    5000    0.97   0.00    2.55  |    5000    0.98   0.00    2.15
 39  |    5000    0.98   0.00    2.54  |    5000    0.98   0.00    2.61  |    5000    0.98   0.00    2.31
 40  |    5000    0.98   0.00    2.59  |    5000    0.98   0.00    2.66  |    5000    0.98   0.00    2.40
 41  |    5000    0.98   0.00    2.64  |    5000    0.98   0.00    2.70  |    5000    0.99   0.00    2.47
 42  |    5000    0.99   0.00    2.67  |    5000    0.98   0.00    2.72  |    5000    0.99   0.00    2.52
 43  |    5000    0.99   0.00    2.69  |    5000    0.99   0.00    2.74  |    5000    0.99   0.00    2.55
 44  |    5000    0.99   0.00    2.71  |    5000    0.99   0.00    2.75  |    5000    0.99   0.00    2.56
 45  |    5000    0.98   0.01    2.71  |    5000    0.98   0.01    2.75  |    5000    0.99   0.00    2.56
 46  |    5000    0.99   0.01    2.71  |    5000    0.98   0.01    2.75  |    5000    0.99   0.00    2.56
 47  |    5000    0.99   0.01    2.71  |    5000    0.99   0.01    2.75  |    5000    0.99   0.00    2.56
 48  |    5000    0.99   0.01    2.71  |    5000    0.99   0.01    2.75  |    5000    0.99   0.00    2.56
 49  |    5000    0.99   0.01    2.71  |    5000    0.99   0.01    2.75  |    5000    0.99   0.00    2.56
 50  |    5000    0.99   0.01    2.71  |    5000    0.99   0.01    2.75  |    5000    0.99   0.00    2.56
 51  |       0    0.00   0.00    0.00  |       0    0.00   0.00    0.00  |       0    0.00   0.00    0.00
 52  |       0    0.00   0.00    0.00  |       0    0.00   0.00    0.00  |       0    0.00   0.00    0.00
 53  |       0    0.00   0.00    0.00  |       0    0.00   0.00    0.00  |       0    0.00   0.00    0.00
 54  |       0    0.00   0.00    0.00  |       0    0.00   0.00    0.00  |       0    0.00   0.00    0.00
 55  |       0    0.00   0.00    0.00  |       0    0.00   0.00    0.00  |       0    0.00   0.00    0.00

===== DIAGNOSTIC: ANNUAL MEN (all edu levels) =====
Age  | HS:Total  HS:Marr  HS:Div  | SC:Total  SC:Marr  SC:Div  | CG:Total  CG:Marr  CG:Div
 18  |    5000    0.02   0.00  |       0    0.00   0.00  |       0    0.00   0.00
 19  |    5000    0.05   0.00  |       0    0.00   0.00  |       0    0.00   0.00
 20  |    5000    0.16   0.00  |    5000    0.11   0.00  |       0    0.00   0.00
 21  |    5000    0.26   0.00  |    5000    0.24   0.00  |       0    0.00   0.00
 22  |    5000    0.37   0.00  |    5000    0.35   0.00  |    5000    0.11   0.00
 23  |    5000    0.48   0.00  |    5000    0.44   0.00  |    5000    0.25   0.00
 24  |    5000    0.56   0.00  |    5000    0.52   0.00  |    5000    0.36   0.00
 25  |    5000    0.64   0.00  |    5000    0.61   0.00  |    5000    0.46   0.00
 26  |    5000    0.72   0.00  |    5000    0.67   0.00  |    5000    0.57   0.00
 27  |    5000    0.78   0.00  |    5000    0.73   0.00  |    5000    0.67   0.00
 28  |    5000    0.82   0.00  |    5000    0.79   0.00  |    5000    0.71   0.00
 29  |    5000    0.86   0.00  |    5000    0.83   0.00  |    5000    0.77   0.00
 30  |    5000    0.89   0.00  |    5000    0.87   0.00  |    5000    0.83   0.00
 31  |    5000    0.92   0.00  |    5000    0.89   0.00  |    5000    0.85   0.00
 32  |    5000    0.94   0.00  |    5000    0.91   0.00  |    5000    0.88   0.00
 33  |    5000    0.96   0.00  |    5000    0.93   0.00  |    5000    0.90   0.00
 34  |    5000    0.97   0.00  |    5000    0.94   0.00  |    5000    0.92   0.00
 35  |    5000    0.98   0.00  |    5000    0.95   0.00  |    5000    0.93   0.00
 36  |    5000    0.98   0.00  |    5000    0.96   0.00  |    5000    0.94   0.00
 37  |    5000    0.99   0.00  |    5000    0.97   0.00  |    5000    0.95   0.00
 38  |    5000    0.99   0.00  |    5000    0.98   0.00  |    5000    0.96   0.00
 39  |    5000    0.99   0.00  |    5000    0.98   0.00  |    5000    0.96   0.00
 40  |    5000    0.99   0.00  |    5000    0.98   0.00  |    5000    0.97   0.00
 41  |    5000    0.99   0.00  |    5000    0.98   0.00  |    5000    0.97   0.00
 42  |    5000    1.00   0.00  |    5000    0.99   0.00  |    5000    0.98   0.00
 43  |    5000    1.00   0.00  |    5000    0.99   0.00  |    5000    0.97   0.01
 44  |    5000    1.00   0.00  |    5000    0.99   0.00  |    5000    0.97   0.01
 45  |    5000    1.00   0.00  |    5000    0.99   0.00  |    5000    0.95   0.03
 46  |    5000    1.00   0.00  |    5000    0.99   0.00  |    5000    0.95   0.03
 47  |    5000    1.00   0.00  |    5000    0.99   0.00  |    5000    0.95   0.03
 48  |    5000    1.00   0.00  |    5000    0.99   0.00  |    5000    0.95   0.03
 49  |    5000    1.00   0.00  |    5000    0.99   0.00  |    5000    0.95   0.03
 50  |    5000    1.00   0.00  |    5000    0.99   0.00  |    5000    0.95   0.03
 51  |       0    0.00   0.00  |       0    0.00   0.00  |       0    0.00   0.00
 52  |       0    0.00   0.00  |       0    0.00   0.00  |       0    0.00   0.00
 53  |       0    0.00   0.00  |       0    0.00   0.00  |       0    0.00   0.00
 54  |       0    0.00   0.00  |       0    0.00   0.00  |       0    0.00   0.00
 55  |       0    0.00   0.00  |       0    0.00   0.00  |       0    0.00   0.00

===== MARRIED WOMEN =====
  Education: HS
AgeGrp      Wage:Fit    Wage:Act    PT:Fit    PT:Act    FT:Fit    FT:Act
--------  ----------  ----------  --------  --------  --------  --------
22-26       30788.13    28299.62      0.09      0.11      0.45      0.38
27-31       35062.34    31079.76      0.07      0.15      0.54      0.38
32-36       38614.02    33510.16      0.07      0.18      0.63      0.44
37-41       41648.22    37468.02      0.06      0.17      0.70      0.49
42-46       43601.40    41622.10      0.07      0.16      0.77      0.53
  Education: SC
AgeGrp      Wage:Fit    Wage:Act    PT:Fit    PT:Act    FT:Fit    FT:Act
--------  ----------  ----------  --------  --------  --------  --------
22-26       36112.47    33188.57      0.09      0.14      0.48      0.49
27-31       43432.44    39465.98      0.09      0.17      0.59      0.45
32-36       49582.32    41303.73      0.08      0.20      0.68      0.45
37-41       53310.58    47150.67      0.08      0.20      0.73      0.49
42-46       54092.33    51982.79      0.09      0.20      0.78      0.54
  Education: CG+
AgeGrp      Wage:Fit    Wage:Act    PT:Fit    PT:Act    FT:Fit    FT:Act
--------  ----------  ----------  --------  --------  --------  --------
22-26       43549.40    43375.45      0.12      0.13      0.41      0.63
27-31       56677.82    56771.96      0.14      0.13      0.59      0.58
32-36       68491.47    67624.32      0.13      0.17      0.67      0.49
37-41       77483.11    76361.26      0.12      0.20      0.73      0.49
42-46       84132.46    80717.00      0.11      0.19      0.77      0.54

===== MARRIED MEN =====
  Education: HS
AgeGrp      Wage:Fit    Wage:Act    PT:Fit    PT:Act    FT:Fit    FT:Act
--------  ----------  ----------  --------  --------  --------  --------
22-26       43349.98    48574.63      0.03      0.03      0.73      0.82
27-31       52599.95    56665.02      0.03      0.02      0.79      0.85
32-36       59723.31    61344.61      0.03      0.02      0.83      0.84
37-41       64339.36    72364.09      0.03      0.02      0.86      0.86
42-46       64598.19    73759.31      0.03      0.02      0.88      0.84
  Education: SC
AgeGrp      Wage:Fit    Wage:Act    PT:Fit    PT:Act    FT:Fit    FT:Act
--------  ----------  ----------  --------  --------  --------  --------
22-26       51934.40    52049.90      0.03      0.07      0.74      0.82
27-31       69044.09    66848.00      0.03      0.02      0.82      0.88
32-36       83546.11    73883.59      0.03      0.02      0.85      0.91
37-41       90759.19    86511.32      0.03      0.02      0.88      0.91
42-46       89424.12    94354.83      0.03      0.02      0.89      0.88
  Education: CG+
AgeGrp      Wage:Fit    Wage:Act    PT:Fit    PT:Act    FT:Fit    FT:Act
--------  ----------  ----------  --------  --------  --------  --------
22-26       64135.39    59242.04      0.03      0.08      0.73      0.80
27-31       94640.39    84160.94      0.03      0.03      0.83      0.91
32-36      125938.15   114384.70      0.04      0.02      0.86      0.93
37-41      152164.15   142932.60      0.03      0.02      0.89      0.94
42-46      165704.48   163469.40      0.03      0.02      0.90      0.92

===== SINGLE WOMEN =====
  Education: HS
AgeGrp      Wage:Fit    Wage:Act    PT:Fit    PT:Act    FT:Fit    FT:Act
--------  ----------  ----------  --------  --------  --------  --------
22-26       29123.79    30197.19      0.14      0.11      0.47      0.56
27-31       33409.52    35159.79      0.12      0.09      0.53      0.57
32-36       37015.40    35504.30      0.14      0.10      0.60      0.56
37-41       40552.71    41620.34      0.13      0.11      0.69      0.58
42-46       42310.52    42396.61      0.11      0.09      0.71      0.56
  Education: SC
AgeGrp      Wage:Fit    Wage:Act    PT:Fit    PT:Act    FT:Fit    FT:Act
--------  ----------  ----------  --------  --------  --------  --------
22-26       34199.05    32298.52      0.13      0.17      0.47      0.57
27-31       41047.59    43924.30      0.16      0.11      0.51      0.66
32-36       47561.33    47297.61      0.20      0.11      0.50      0.67
37-41       49963.51    51427.66      0.18      0.11      0.59      0.71
42-46       51824.34    58024.34      0.13      0.08      0.71      0.71
  Education: CG+
AgeGrp      Wage:Fit    Wage:Act    PT:Fit    PT:Act    FT:Fit    FT:Act
--------  ----------  ----------  --------  --------  --------  --------
22-26       39901.40    39496.12      0.11      0.16      0.44      0.67
27-31       57463.15    62152.83      0.14      0.07      0.64      0.83
32-36       68552.18    74037.73      0.13      0.07      0.69      0.82
37-41       79107.64    84020.55      0.13      0.07      0.67      0.81
42-46       81654.11    90903.29      0.16      0.07      0.72      0.78

===== SINGLE MEN =====
  Education: HS
AgeGrp      Wage:Fit    Wage:Act    PT:Fit    PT:Act    FT:Fit    FT:Act
--------  ----------  ----------  --------  --------  --------  --------
22-26       42406.92    39492.87      0.03      0.07      0.75      0.65
27-31       51994.51    47033.33      0.03      0.05      0.77      0.71
32-36       61452.65    53354.27      0.03      0.05      0.81      0.67
37-41       64349.10    55573.67      0.04      0.05      0.87      0.70
42-46       66996.13    57158.97      0.00      0.05      0.82      0.64
  Education: SC
AgeGrp      Wage:Fit    Wage:Act    PT:Fit    PT:Act    FT:Fit    FT:Act
--------  ----------  ----------  --------  --------  --------  --------
22-26       51078.94    37361.30      0.03      0.17      0.76      0.50
27-31       69088.36    52847.48      0.03      0.06      0.81      0.78
32-36       85840.14    59169.55      0.02      0.04      0.84      0.76
37-41       95291.07    66603.93      0.02      0.05      0.87      0.76
42-46       94008.41    74786.66      0.01      0.05      0.92      0.74
  Education: CG+
AgeGrp      Wage:Fit    Wage:Act    PT:Fit    PT:Act    FT:Fit    FT:Act
--------  ----------  ----------  --------  --------  --------  --------
22-26       55697.29    49129.95      0.03      0.13      0.70      0.64
27-31       93795.08    72635.45      0.03      0.06      0.83      0.82
32-36      128219.22    92698.45      0.03      0.06      0.85      0.84
37-41      164910.21   108479.00      0.02      0.04      0.91      0.85
42-46      204631.10   126150.70      0.02      0.05      0.93      0.78

===== MARRIAGE/DIVORCE WOMEN =====
  Education: HS
AgeGrp      Marr:Fit    Marr:Act    Div:Fit    Div:Act
--------  ----------  ----------  ---------  ---------
22-26           0.58        0.62       0.00       0.08
27-31           0.84        0.70       0.00       0.11
32-36           0.95        0.72       0.00       0.14
37-41           0.98        0.72       0.00       0.16
42-46           0.99        0.70       0.00       0.18
  Education: SC
AgeGrp      Marr:Fit    Marr:Act    Div:Fit    Div:Act
--------  ----------  ----------  ---------  ---------
22-26           0.55        0.47       0.00       0.05
27-31           0.81        0.68       0.00       0.11
32-36           0.93        0.71       0.00       0.14
37-41           0.98        0.71       0.00       0.16
42-46           0.99        0.70       0.00       0.17
  Education: CG+
AgeGrp      Marr:Fit    Marr:Act    Div:Fit    Div:Act
--------  ----------  ----------  ---------  ---------
22-26           0.41        0.38       0.00       0.01
27-31           0.84        0.63       0.00       0.05
32-36           0.95        0.73       0.00       0.07
37-41           0.98        0.75       0.00       0.10
42-46           0.99        0.77       0.00       0.11

===== MARRIAGE/DIVORCE MEN =====
  Education: HS
AgeGrp      Marr:Fit    Marr:Act    Div:Fit    Div:Act
--------  ----------  ----------  ---------  ---------
22-26           0.56        0.47       0.00       0.05
27-31           0.85        0.62       0.00       0.09
32-36           0.96        0.66       0.00       0.12
37-41           0.99        0.66       0.00       0.16
42-46           1.00        0.66       0.00       0.16
  Education: SC
AgeGrp      Marr:Fit    Marr:Act    Div:Fit    Div:Act
--------  ----------  ----------  ---------  ---------
22-26           0.52        0.31       0.00       0.02
27-31           0.82        0.59       0.00       0.08
32-36           0.94        0.70       0.00       0.09
37-41           0.98        0.70       0.00       0.13
42-46           0.99        0.72       0.00       0.14
  Education: CG+
AgeGrp      Marr:Fit    Marr:Act    Div:Fit    Div:Act
--------  ----------  ----------  ---------  ---------
22-26           0.35        0.29       0.00       0.01
27-31           0.77        0.57       0.00       0.03
32-36           0.92        0.73       0.00       0.05
37-41           0.96        0.78       0.00       0.07
42-46           0.96        0.79       0.02       0.07

===== FERTILITY MARRIED =====
  Education: HS
AgeGrp      Fert:Fit    Fert:Act    Chless:Fit    Chless:Act
--------  ----------  ----------  ------------  ------------
22-26           1.01        1.33          0.52          0.24
27-31           1.46        1.71          0.30          0.15
32-36           1.93        2.00          0.13          0.11
37-41           2.54        2.11          0.03          0.10
42-46           2.70        2.00          0.02          0.08
  Education: SC
AgeGrp      Fert:Fit    Fert:Act    Chless:Fit    Chless:Act
--------  ----------  ----------  ------------  ------------
22-26           1.25        0.82          0.46          0.45
27-31           1.59        1.45          0.35          0.25
32-36           2.23        1.89          0.09          0.15
37-41           2.61        2.07          0.03          0.11
42-46           2.74        2.10          0.02          0.07
  Education: CG+
AgeGrp      Fert:Fit    Fert:Act    Chless:Fit    Chless:Act
--------  ----------  ----------  ------------  ------------
22-26           0.46        0.40          0.70          0.70
27-31           0.90        0.93          0.50          0.43
32-36           1.52        1.49          0.26          0.24
37-41           2.29        1.87          0.05          0.15
42-46           2.56        1.95          0.03          0.09

===== FERTILITY UNMARRIED =====
  Education: HS
AgeGrp      Fert:Fit    Fert:Act    Chless:Fit    Chless:Act
--------  ----------  ----------  ------------  ------------
22-26           0.00        0.64          1.00          0.61
27-31           0.00        1.09          1.00          0.43
32-36           0.34        1.46          0.66          0.31
37-41           1.88        1.62          0.03          0.30
42-46           2.65        1.64          0.02          0.17
  Education: SC
AgeGrp      Fert:Fit    Fert:Act    Chless:Fit    Chless:Act
--------  ----------  ----------  ------------  ------------
22-26           0.00        0.19          1.00          0.87
27-31           0.00        0.59          1.00          0.65
32-36           0.23        1.02          0.81          0.46
37-41           1.83        1.29          0.09          0.36
42-46           2.52        1.35          0.01          0.19
  Education: CG+
AgeGrp      Fert:Fit    Fert:Act    Chless:Fit    Chless:Act
--------  ----------  ----------  ------------  ------------
22-26           0.00        0.02          1.00          0.99
27-31           0.00        0.14          1.00          0.90
32-36           0.01        0.34          0.99          0.80
37-41           0.94        0.57          0.36          0.69
42-46           1.52        0.88          0.19          0.32

===== ASSORTATIVE MATING (WOMEN, ages 42-46) =====
OwnEdu      HS:Fit    HS:Act    SC:Fit    SC:Act    CG:Fit    CG:Act
--------  --------  --------  --------  --------  --------  --------
HS            0.59      0.66      0.29      0.22      0.12      0.12
SC            0.46      0.32      0.40      0.39      0.13      0.30
CG+           0.40      0.13      0.27      0.18      0.34      0.69

===== ASSORTATIVE MATING (MEN, ages 42-46) =====
OwnEdu      HS:Fit    HS:Act    SC:Fit    SC:Act    CG:Fit    CG:Act
--------  --------  --------  --------  --------  --------  --------
HS            0.56      0.62      0.27      0.27      0.17      0.11
SC            0.34      0.30      0.44      0.47      0.22      0.23
CG+           0.32      0.11      0.24      0.23      0.44      0.65

===== OBJECTIVE FUNCTION =====
Total: 2960.67
  Wage wife married:     14.56
  Emp wife married:      218.59
  Wage husband married:  46.19
  Emp husband married:   17.95
  Wage wife single:      14.81
  Emp wife single:       99.66
  Wage husband single:   914.96
  Emp husband single:    94.27
  Marriage women:        430.62
  Divorce women:         139.74
  Marriage men:          550.15
  Divorce men:           90.92
  Fertility married:     0.16
  Childless married:     99.05
  Fertility unmarried:   0.48
  Childless unmarried:   821.30
  Assortative women:     290.60
  Assortative men:       107.16
2960.671489856045
