1960
calculate emax for t=33 took: 1.6353 (sec)
calculate emax for t=32 took: 0.9849 (sec)
calculate emax for t=31 took: 0.9924 (sec)
calculate emax for t=30 took: 1.0587 (sec)
calculate emax for t=29 took: 0.9967 (sec)
calculate emax for t=28 took: 0.9973 (sec)
calculate emax for t=27 took: 2.3715 (sec)
calculate emax for t=26 took: 2.4307 (sec)
calculate emax for t=25 took: 2.2247 (sec)
calculate emax for t=24 took: 2.2183 (sec)
calculate emax for t=23 took: 2.1608 (sec)
calculate emax for t=22 took: 2.1486 (sec)
calculate emax for t=21 took: 2.2053 (sec)
calculate emax for t=20 took: 2.1832 (sec)
calculate emax for t=19 took: 2.1511 (sec)
calculate emax for t=18 took: 2.2130 (sec)
calculate emax for t=17 took: 2.2129 (sec)
calculate emax for t=16 took: 2.1555 (sec)
calculate emax for t=15 took: 2.1441 (sec)
calculate emax for t=14 took: 2.1678 (sec)
calculate emax for t=13 took: 2.1697 (sec)
calculate emax for t=12 took: 2.1466 (sec)
calculate emax for t=11 took: 2.1451 (sec)
calculate emax for t=10 took: 2.2580 (sec)
calculate emax for t=9 took: 2.1800 (sec)
calculate emax for t=8 took: 2.2148 (sec)
calculate emax for t=7 took: 2.2547 (sec)
calculate emax for t=6 took: 2.3022 (sec)
calculate emax for t=5 took: 2.2737 (sec)
calculate emax for t=4 took: 1.0170 (sec)
calculate emax for t=3 took: 1.0102 (sec)
calculate emax for t=2 took: 0.2701 (sec)
calculate emax for t=1 took: 0.2674 (sec)
calculate emax with 298818 iterations took: 60.1756 (sec)
saved emax to emax_1960white/

===== DIAGNOSTIC: ANNUAL WOMEN (all edu levels) =====
Age  | HS:Total  HS:Marr  HS:Div  HS:Kids | SC:Total  SC:Marr  SC:Div  SC:Kids | CG:Total  CG:Marr  CG:Div  CG:Kids
 18  |    5000    0.02   0.00    0.01  |       0    0.00   0.00    0.00  |       0    0.00   0.00    0.00
 19  |    5000    0.04   0.00    0.03  |       0    0.00   0.00    0.00  |       0    0.00   0.00    0.00
 20  |    5000    0.16   0.00    0.10  |    5000    0.12   0.00    0.06  |       0    0.00   0.00    0.00
 21  |    5000    0.29   0.00    0.20  |    5000    0.25   0.00    0.17  |       0    0.00   0.00    0.00
 22  |    5000    0.41   0.00    0.32  |    5000    0.38   0.00    0.33  |    5000    0.16   0.00    0.02
 23  |    5000    0.51   0.00    0.45  |    5000    0.48   0.00    0.50  |    5000    0.29   0.00    0.06
 24  |    5000    0.60   0.00    0.59  |    5000    0.57   0.00    0.66  |    5000    0.38   0.00    0.20
 25  |    5000    0.67   0.00    0.70  |    5000    0.62   0.00    0.79  |    5000    0.52   0.00    0.28
 26  |    5000    0.72   0.00    0.86  |    5000    0.68   0.00    0.89  |    5000    0.63   0.00    0.36
 27  |    5000    0.77   0.00    1.00  |    5000    0.73   0.00    0.97  |    5000    0.73   0.00    0.45
 28  |    5000    0.80   0.00    1.12  |    5000    0.78   0.00    1.10  |    5000    0.80   0.00    0.53
 29  |    5000    0.85   0.00    1.24  |    5000    0.82   0.00    1.23  |    5000    0.84   0.00    0.79
 30  |    5000    0.87   0.00    1.33  |    5000    0.85   0.00    1.41  |    5000    0.88   0.00    0.91
 31  |    5000    0.89   0.00    1.41  |    5000    0.88   0.00    1.54  |    5000    0.90   0.00    1.05
 32  |    5000    0.92   0.00    1.50  |    5000    0.91   0.00    1.78  |    5000    0.93   0.00    1.15
 33  |    5000    0.94   0.00    1.65  |    5000    0.92   0.00    1.97  |    5000    0.94   0.00    1.26
 34  |    5000    0.95   0.00    1.82  |    5000    0.93   0.00    2.07  |    5000    0.95   0.00    1.47
 35  |    5000    0.96   0.00    1.99  |    5000    0.95   0.00    2.22  |    5000    0.96   0.00    1.63
 36  |    5000    0.96   0.00    2.21  |    5000    0.96   0.00    2.33  |    5000    0.97   0.00    1.82
 37  |    5000    0.97   0.00    2.33  |    5000    0.97   0.00    2.42  |    5000    0.97   0.00    2.02
 38  |    5000    0.97   0.00    2.46  |    5000    0.97   0.00    2.53  |    5000    0.98   0.00    2.15
 39  |    5000    0.97   0.01    2.53  |    5000    0.97   0.01    2.61  |    5000    0.98   0.00    2.29
 40  |    5000    0.97   0.01    2.60  |    5000    0.97   0.01    2.66  |    5000    0.98   0.00    2.39
 41  |    5000    0.97   0.01    2.64  |    5000    0.97   0.01    2.70  |    5000    0.98   0.00    2.46
 42  |    5000    0.97   0.01    2.68  |    5000    0.97   0.01    2.73  |    5000    0.99   0.00    2.50
 43  |    5000    0.96   0.03    2.70  |    5000    0.96   0.02    2.75  |    5000    0.99   0.00    2.54
 44  |    5000    0.96   0.03    2.72  |    5000    0.96   0.02    2.76  |    5000    0.99   0.00    2.56
 45  |    5000    0.95   0.04    2.72  |    5000    0.94   0.05    2.76  |    5000    0.99   0.00    2.56
 46  |    5000    0.96   0.03    2.72  |    5000    0.94   0.05    2.76  |    5000    0.99   0.00    2.56
 47  |    5000    0.96   0.03    2.72  |    5000    0.94   0.05    2.76  |    5000    0.99   0.00    2.56
 48  |    5000    0.96   0.03    2.72  |    5000    0.94   0.05    2.76  |    5000    0.99   0.00    2.56
 49  |    5000    0.96   0.03    2.72  |    5000    0.94   0.05    2.76  |    5000    0.99   0.00    2.56
 50  |    5000    0.96   0.03    2.72  |    5000    0.94   0.05    2.76  |    5000    0.99   0.00    2.56
 51  |       0    0.00   0.00    0.00  |       0    0.00   0.00    0.00  |       0    0.00   0.00    0.00
 52  |       0    0.00   0.00    0.00  |       0    0.00   0.00    0.00  |       0    0.00   0.00    0.00
 53  |       0    0.00   0.00    0.00  |       0    0.00   0.00    0.00  |       0    0.00   0.00    0.00
 54  |       0    0.00   0.00    0.00  |       0    0.00   0.00    0.00  |       0    0.00   0.00    0.00
 55  |       0    0.00   0.00    0.00  |       0    0.00   0.00    0.00  |       0    0.00   0.00    0.00

===== DIAGNOSTIC: ANNUAL MEN (all edu levels) =====
Age  | HS:Total  HS:Marr  HS:Div  | SC:Total  SC:Marr  SC:Div  | CG:Total  CG:Marr  CG:Div
 18  |    5000    0.02   0.00  |       0    0.00   0.00  |       0    0.00   0.00
 19  |    5000    0.04   0.00  |       0    0.00   0.00  |       0    0.00   0.00
 20  |    5000    0.15   0.00  |    5000    0.12   0.00  |       0    0.00   0.00
 21  |    5000    0.26   0.00  |    5000    0.24   0.00  |       0    0.00   0.00
 22  |    5000    0.36   0.00  |    5000    0.35   0.00  |    5000    0.15   0.00
 23  |    5000    0.45   0.00  |    5000    0.45   0.00  |    5000    0.28   0.00
 24  |    5000    0.52   0.00  |    5000    0.54   0.00  |    5000    0.37   0.00
 25  |    5000    0.61   0.00  |    5000    0.62   0.00  |    5000    0.50   0.00
 26  |    5000    0.69   0.00  |    5000    0.68   0.00  |    5000    0.60   0.00
 27  |    5000    0.75   0.00  |    5000    0.74   0.00  |    5000    0.69   0.00
 28  |    5000    0.80   0.00  |    5000    0.79   0.00  |    5000    0.74   0.00
 29  |    5000    0.84   0.00  |    5000    0.83   0.00  |    5000    0.80   0.00
 30  |    5000    0.88   0.00  |    5000    0.86   0.00  |    5000    0.84   0.00
 31  |    5000    0.91   0.00  |    5000    0.88   0.00  |    5000    0.87   0.00
 32  |    5000    0.93   0.00  |    5000    0.91   0.00  |    5000    0.89   0.00
 33  |    5000    0.95   0.00  |    5000    0.93   0.00  |    5000    0.91   0.00
 34  |    5000    0.96   0.00  |    5000    0.94   0.00  |    5000    0.93   0.00
 35  |    5000    0.97   0.00  |    5000    0.95   0.00  |    5000    0.94   0.00
 36  |    5000    0.98   0.00  |    5000    0.96   0.00  |    5000    0.95   0.00
 37  |    5000    0.98   0.00  |    5000    0.97   0.00  |    5000    0.95   0.01
 38  |    5000    0.99   0.00  |    5000    0.98   0.00  |    5000    0.95   0.02
 39  |    5000    0.99   0.00  |    5000    0.98   0.00  |    5000    0.94   0.03
 40  |    5000    0.99   0.00  |    5000    0.98   0.00  |    5000    0.94   0.03
 41  |    5000    0.99   0.00  |    5000    0.99   0.00  |    5000    0.92   0.05
 42  |    5000    0.99   0.00  |    5000    0.99   0.00  |    5000    0.92   0.06
 43  |    5000    0.99   0.00  |    5000    0.99   0.00  |    5000    0.87   0.11
 44  |    5000    0.99   0.00  |    5000    0.99   0.00  |    5000    0.86   0.12
 45  |    5000    0.99   0.00  |    5000    0.99   0.00  |    5000    0.80   0.19
 46  |    5000    0.99   0.00  |    5000    0.99   0.00  |    5000    0.80   0.18
 47  |    5000    1.00   0.00  |    5000    0.99   0.00  |    5000    0.80   0.18
 48  |    5000    1.00   0.00  |    5000    0.99   0.00  |    5000    0.80   0.18
 49  |    5000    1.00   0.00  |    5000    0.99   0.00  |    5000    0.80   0.18
 50  |    5000    1.00   0.00  |    5000    0.99   0.00  |    5000    0.80   0.18
 51  |       0    0.00   0.00  |       0    0.00   0.00  |       0    0.00   0.00
 52  |       0    0.00   0.00  |       0    0.00   0.00  |       0    0.00   0.00
 53  |       0    0.00   0.00  |       0    0.00   0.00  |       0    0.00   0.00
 54  |       0    0.00   0.00  |       0    0.00   0.00  |       0    0.00   0.00
 55  |       0    0.00   0.00  |       0    0.00   0.00  |       0    0.00   0.00

===== MARRIED WOMEN =====
  Education: HS
AgeGrp      Wage:Fit    Wage:Act    PT:Fit    PT:Act    FT:Fit    FT:Act
--------  ----------  ----------  --------  --------  --------  --------
22-26       30670.29    28299.62      0.09      0.11      0.47      0.38
27-31       34842.98    31079.76      0.08      0.15      0.54      0.38
32-36       38822.32    33510.16      0.08      0.18      0.64      0.44
37-41       42140.91    37468.02      0.07      0.17      0.70      0.49
42-46       43841.58    41622.10      0.07      0.16      0.77      0.53
  Education: SC
AgeGrp      Wage:Fit    Wage:Act    PT:Fit    PT:Act    FT:Fit    FT:Act
--------  ----------  ----------  --------  --------  --------  --------
22-26       36029.93    33188.57      0.09      0.14      0.49      0.49
27-31       43406.73    39465.98      0.09      0.17      0.60      0.45
32-36       49664.19    41303.73      0.09      0.20      0.67      0.45
37-41       53295.19    47150.67      0.09      0.20      0.73      0.49
42-46       54269.78    51982.79      0.10      0.20      0.78      0.54
  Education: CG+
AgeGrp      Wage:Fit    Wage:Act    PT:Fit    PT:Act    FT:Fit    FT:Act
--------  ----------  ----------  --------  --------  --------  --------
22-26       42505.26    43375.45      0.11      0.13      0.43      0.63
27-31       56701.30    56771.96      0.13      0.13      0.60      0.58
32-36       68208.88    67624.32      0.12      0.17      0.68      0.49
37-41       77987.33    76361.26      0.11      0.20      0.74      0.49
42-46       84508.18    80717.00      0.11      0.19      0.78      0.54

===== MARRIED MEN =====
  Education: HS
AgeGrp      Wage:Fit    Wage:Act    PT:Fit    PT:Act    FT:Fit    FT:Act
--------  ----------  ----------  --------  --------  --------  --------
22-26       42330.61    48574.63      0.03      0.03      0.73      0.82
27-31       52159.53    56665.02      0.03      0.02      0.79      0.85
32-36       59639.15    61344.61      0.03      0.02      0.83      0.84
37-41       64064.97    72364.09      0.03      0.02      0.86      0.86
42-46       64549.56    73759.31      0.03      0.02      0.88      0.84
  Education: SC
AgeGrp      Wage:Fit    Wage:Act    PT:Fit    PT:Act    FT:Fit    FT:Act
--------  ----------  ----------  --------  --------  --------  --------
22-26       51773.33    52049.90      0.03      0.07      0.75      0.82
27-31       69146.59    66848.00      0.03      0.02      0.82      0.88
32-36       83078.20    73883.59      0.03      0.02      0.85      0.91
37-41       90689.57    86511.32      0.03      0.02      0.87      0.91
42-46       89282.16    94354.83      0.03      0.02      0.89      0.88
  Education: CG+
AgeGrp      Wage:Fit    Wage:Act    PT:Fit    PT:Act    FT:Fit    FT:Act
--------  ----------  ----------  --------  --------  --------  --------
22-26       63875.32    59242.04      0.03      0.08      0.72      0.80
27-31       93830.79    84160.94      0.03      0.03      0.83      0.91
32-36      125917.70   114384.70      0.03      0.02      0.86      0.93
37-41      149527.78   142932.60      0.03      0.02      0.88      0.94
42-46      161519.71   163469.40      0.04      0.02      0.89      0.92

===== SINGLE WOMEN =====
  Education: HS
AgeGrp      Wage:Fit    Wage:Act    PT:Fit    PT:Act    FT:Fit    FT:Act
--------  ----------  ----------  --------  --------  --------  --------
22-26       29069.16    30197.19      0.14      0.11      0.46      0.56
27-31       33079.84    35159.79      0.18      0.09      0.48      0.57
32-36       37889.73    35504.30      0.20      0.10      0.52      0.56
37-41       40010.65    41620.34      0.17      0.11      0.59      0.58
42-46       43108.81    42396.61      0.11      0.09      0.70      0.56
  Education: SC
AgeGrp      Wage:Fit    Wage:Act    PT:Fit    PT:Act    FT:Fit    FT:Act
--------  ----------  ----------  --------  --------  --------  --------
22-26       34177.31    32298.52      0.14      0.17      0.47      0.57
27-31       41472.68    43924.30      0.18      0.11      0.51      0.66
32-36       48000.20    47297.61      0.22      0.11      0.53      0.67
37-41       51439.90    51427.66      0.18      0.11      0.60      0.71
42-46       52394.11    58024.34      0.15      0.08      0.66      0.71
  Education: CG+
AgeGrp      Wage:Fit    Wage:Act    PT:Fit    PT:Act    FT:Fit    FT:Act
--------  ----------  ----------  --------  --------  --------  --------
22-26       40436.10    39496.12      0.10      0.16      0.46      0.67
27-31       57216.62    62152.83      0.12      0.07      0.67      0.83
32-36       68408.20    74037.73      0.08      0.07      0.73      0.82
37-41       76590.10    84020.55      0.08      0.07      0.80      0.81
42-46       84343.80    90903.29      0.08      0.07      0.84      0.78

===== SINGLE MEN =====
  Education: HS
AgeGrp      Wage:Fit    Wage:Act    PT:Fit    PT:Act    FT:Fit    FT:Act
--------  ----------  ----------  --------  --------  --------  --------
22-26       42858.15    39492.87      0.03      0.07      0.75      0.65
27-31       53269.69    47033.33      0.04      0.05      0.77      0.71
32-36       62253.55    53354.27      0.06      0.05      0.77      0.67
37-41       69691.61    55573.67      0.08      0.05      0.75      0.70
42-46       68161.51    57158.97      0.03      0.05      0.86      0.64
  Education: SC
AgeGrp      Wage:Fit    Wage:Act    PT:Fit    PT:Act    FT:Fit    FT:Act
--------  ----------  ----------  --------  --------  --------  --------
22-26       51201.51    37361.30      0.03      0.17      0.75      0.50
27-31       69882.60    52847.48      0.03      0.06      0.80      0.78
32-36       85638.30    59169.55      0.04      0.04      0.82      0.76
37-41       97795.72    66603.93      0.05      0.05      0.87      0.76
42-46       90565.30    74786.66      0.01      0.05      0.88      0.74
  Education: CG+
AgeGrp      Wage:Fit    Wage:Act    PT:Fit    PT:Act    FT:Fit    FT:Act
--------  ----------  ----------  --------  --------  --------  --------
22-26       55459.18    49129.95      0.03      0.13      0.69      0.64
27-31       91874.24    72635.45      0.03      0.06      0.83      0.82
32-36      128084.97    92698.45      0.03      0.06      0.86      0.84
37-41      191739.03   108479.00      0.02      0.04      0.92      0.85
42-46      198813.81   126150.70      0.01      0.05      0.94      0.78

===== MARRIAGE/DIVORCE WOMEN =====
  Education: HS
AgeGrp      Marr:Fit    Marr:Act    Div:Fit    Div:Act
--------  ----------  ----------  ---------  ---------
22-26           0.58        0.62       0.00       0.08
27-31           0.84        0.70       0.00       0.11
32-36           0.94        0.72       0.00       0.14
37-41           0.97        0.72       0.01       0.16
42-46           0.96        0.70       0.03       0.18
  Education: SC
AgeGrp      Marr:Fit    Marr:Act    Div:Fit    Div:Act
--------  ----------  ----------  ---------  ---------
22-26           0.55        0.47       0.00       0.05
27-31           0.81        0.68       0.00       0.11
32-36           0.93        0.71       0.00       0.14
37-41           0.97        0.71       0.01       0.16
42-46           0.96        0.70       0.03       0.17
  Education: CG+
AgeGrp      Marr:Fit    Marr:Act    Div:Fit    Div:Act
--------  ----------  ----------  ---------  ---------
22-26           0.40        0.38       0.00       0.01
27-31           0.83        0.63       0.00       0.05
32-36           0.95        0.73       0.00       0.07
37-41           0.98        0.75       0.00       0.10
42-46           0.99        0.77       0.00       0.11

===== MARRIAGE/DIVORCE MEN =====
  Education: HS
AgeGrp      Marr:Fit    Marr:Act    Div:Fit    Div:Act
--------  ----------  ----------  ---------  ---------
22-26           0.53        0.47       0.00       0.05
27-31           0.83        0.62       0.00       0.09
32-36           0.96        0.66       0.00       0.12
37-41           0.99        0.66       0.00       0.16
42-46           0.99        0.66       0.00       0.16
  Education: SC
AgeGrp      Marr:Fit    Marr:Act    Div:Fit    Div:Act
--------  ----------  ----------  ---------  ---------
22-26           0.53        0.31       0.00       0.02
27-31           0.82        0.59       0.00       0.08
32-36           0.94        0.70       0.00       0.09
37-41           0.98        0.70       0.00       0.13
42-46           0.99        0.72       0.00       0.14
  Education: CG+
AgeGrp      Marr:Fit    Marr:Act    Div:Fit    Div:Act
--------  ----------  ----------  ---------  ---------
22-26           0.38        0.29       0.00       0.01
27-31           0.79        0.57       0.00       0.03
32-36           0.92        0.73       0.00       0.05
37-41           0.94        0.78       0.03       0.07
42-46           0.85        0.79       0.13       0.07

===== FERTILITY MARRIED =====
  Education: HS
AgeGrp      Fert:Fit    Fert:Act    Chless:Fit    Chless:Act
--------  ----------  ----------  ------------  ------------
22-26           1.00        1.33          0.53          0.24
27-31           1.45        1.71          0.32          0.15
32-36           1.92        2.00          0.13          0.11
37-41           2.53        2.11          0.02          0.10
42-46           2.71        2.00          0.01          0.08
  Education: SC
AgeGrp      Fert:Fit    Fert:Act    Chless:Fit    Chless:Act
--------  ----------  ----------  ------------  ------------
22-26           1.16        0.82          0.50          0.45
27-31           1.54        1.45          0.37          0.25
32-36           2.21        1.89          0.09          0.15
37-41           2.60        2.07          0.03          0.11
42-46           2.76        2.10          0.02          0.07
  Education: CG+
AgeGrp      Fert:Fit    Fert:Act    Chless:Fit    Chless:Act
--------  ----------  ----------  ------------  ------------
22-26           0.46        0.40          0.70          0.70
27-31           0.90        0.93          0.50          0.43
32-36           1.54        1.49          0.25          0.24
37-41           2.29        1.87          0.05          0.15
42-46           2.55        1.95          0.03          0.09

===== FERTILITY UNMARRIED =====
  Education: HS
AgeGrp      Fert:Fit    Fert:Act    Chless:Fit    Chless:Act
--------  ----------  ----------  ------------  ------------
22-26           0.00        0.64          1.00          0.61
27-31           0.00        1.09          1.00          0.43
32-36           0.39        1.46          0.62          0.31
37-41           1.99        1.62          0.03          0.30
42-46           2.66        1.64          0.01          0.17
  Education: SC
AgeGrp      Fert:Fit    Fert:Act    Chless:Fit    Chless:Act
--------  ----------  ----------  ------------  ------------
22-26           0.00        0.19          1.00          0.87
27-31           0.00        0.59          1.00          0.65
32-36           0.23        1.02          0.81          0.46
37-41           2.00        1.29          0.07          0.36
42-46           2.54        1.35          0.01          0.19
  Education: CG+
AgeGrp      Fert:Fit    Fert:Act    Chless:Fit    Chless:Act
--------  ----------  ----------  ------------  ------------
22-26           0.00        0.02          1.00          0.99
27-31           0.00        0.14          1.00          0.90
32-36           0.01        0.34          0.99          0.80
37-41           1.00        0.57          0.32          0.69
42-46           1.81        0.88          0.09          0.32

===== ASSORTATIVE MATING (WOMEN, ages 42-46) =====
OwnEdu      HS:Fit    HS:Act    SC:Fit    SC:Act    CG:Fit    CG:Act
--------  --------  --------  --------  --------  --------  --------
HS            0.60      0.66      0.30      0.22      0.10      0.12
SC            0.47      0.32      0.41      0.39      0.12      0.30
CG+           0.38      0.13      0.27      0.18      0.34      0.69

===== ASSORTATIVE MATING (MEN, ages 42-46) =====
OwnEdu      HS:Fit    HS:Act    SC:Fit    SC:Act    CG:Fit    CG:Act
--------  --------  --------  --------  --------  --------  --------
HS            0.51      0.62      0.31      0.27      0.19      0.11
SC            0.34      0.30      0.44      0.47      0.22      0.23
CG+           0.30      0.11      0.22      0.23      0.47      0.65

===== OBJECTIVE FUNCTION =====
Total: 2902.74
  Wage wife married:     15.29
  Emp wife married:      216.62
  Wage husband married:  42.95
  Emp husband married:   18.59
  Wage wife single:      14.09
  Emp wife single:       81.66
  Wage husband single:   1115.24
  Emp husband single:    82.21
  Marriage women:        401.25
  Divorce women:         125.06
  Marriage men:          525.44
  Divorce men:           88.57
  Fertility married:     0.16
  Childless married:     111.95
  Fertility unmarried:   0.53
  Childless unmarried:   861.34
  Assortative women:     288.90
  Assortative men:       100.46
2902.7398809850174
