1960
calculate emax for t=33 took: 2.7150 (sec)
calculate emax for t=32 took: 1.5912 (sec)
calculate emax for t=31 took: 1.8566 (sec)
calculate emax for t=30 took: 1.5713 (sec)
calculate emax for t=29 took: 1.6018 (sec)
calculate emax for t=28 took: 1.5947 (sec)
calculate emax for t=27 took: 3.7045 (sec)
calculate emax for t=26 took: 3.6951 (sec)
calculate emax for t=25 took: 3.6351 (sec)
calculate emax for t=24 took: 3.5334 (sec)
calculate emax for t=23 took: 3.5545 (sec)
calculate emax for t=22 took: 3.5506 (sec)
calculate emax for t=21 took: 3.5204 (sec)
calculate emax for t=20 took: 3.5509 (sec)
calculate emax for t=19 took: 3.5036 (sec)
calculate emax for t=18 took: 3.5452 (sec)
calculate emax for t=17 took: 3.5543 (sec)
calculate emax for t=16 took: 3.5734 (sec)
calculate emax for t=15 took: 3.4785 (sec)
calculate emax for t=14 took: 3.4832 (sec)
calculate emax for t=13 took: 3.5104 (sec)
calculate emax for t=12 took: 3.4952 (sec)
calculate emax for t=11 took: 3.5246 (sec)
calculate emax for t=10 took: 3.4982 (sec)
calculate emax for t=9 took: 3.5435 (sec)
calculate emax for t=8 took: 3.5082 (sec)
calculate emax for t=7 took: 3.5298 (sec)
calculate emax for t=6 took: 3.5354 (sec)
calculate emax for t=5 took: 3.5114 (sec)
calculate emax for t=4 took: 1.5777 (sec)
calculate emax for t=3 took: 1.5779 (sec)
calculate emax for t=2 took: 0.4191 (sec)
calculate emax for t=1 took: 0.4191 (sec)
calculate emax with 298818 iterations took: 96.4774 (sec)
saved emax to emax_1960white/

===== DIAGNOSTIC: ANNUAL WOMEN (all edu levels) =====
Age  | HS:Total  HS:Marr  HS:Div  HS:Kids | SC:Total  SC:Marr  SC:Div  SC:Kids | CG:Total  CG:Marr  CG:Div  CG:Kids
 18  |    5000    0.02   0.00    0.01  |       0    0.00   0.00    0.00  |       0    0.00   0.00    0.00
 19  |    5000    0.04   0.00    0.52  |       0    0.00   0.00    0.00  |       0    0.00   0.00    0.00
 20  |    5000    0.16   0.00    1.06  |    5000    0.13   0.00    0.87  |       0    0.00   0.00    0.00
 21  |    5000    0.30   0.00    1.92  |    5000    0.27   0.00    1.70  |       0    0.00   0.00    0.00
 22  |    5000    0.43   0.00    2.37  |    5000    0.40   0.00    2.16  |    5000    0.06   0.00    0.02
 23  |    5000    0.55   0.00    2.55  |    5000    0.53   0.00    2.44  |    5000    0.12   0.00    0.09
 24  |    5000    0.65   0.00    2.67  |    5000    0.64   0.00    2.59  |    5000    0.18   0.00    0.20
 25  |    5000    0.72   0.00    2.74  |    5000    0.71   0.00    2.68  |    5000    0.26   0.00    0.36
 26  |    5000    0.78   0.00    2.79  |    5000    0.77   0.00    2.75  |    5000    0.33   0.00    0.53
 27  |    5000    0.83   0.00    2.84  |    5000    0.82   0.00    2.80  |    5000    0.40   0.00    0.71
 28  |    5000    0.88   0.00    2.89  |    5000    0.86   0.00    2.91  |    5000    0.48   0.00    0.89
 29  |    5000    0.91   0.00    2.97  |    5000    0.90   0.00    2.98  |    5000    0.54   0.00    1.09
 30  |    5000    0.94   0.00    2.99  |    5000    0.92   0.00    2.99  |    5000    0.63   0.00    1.35
 31  |    5000    0.96   0.00    3.00  |    5000    0.95   0.00    3.00  |    5000    0.69   0.00    1.71
 32  |    5000    0.97   0.00    3.00  |    5000    0.96   0.00    3.00  |    5000    0.77   0.00    2.12
 33  |    5000    0.98   0.00    3.00  |    5000    0.98   0.00    3.00  |    5000    0.84   0.00    2.46
 34  |    5000    0.99   0.00    3.00  |    5000    0.99   0.00    3.00  |    5000    0.89   0.00    2.69
 35  |    5000    0.99   0.00    3.00  |    5000    0.99   0.00    3.00  |    5000    0.93   0.00    2.82
 36  |    5000    0.99   0.00    3.00  |    5000    0.99   0.00    3.00  |    5000    0.95   0.00    2.90
 37  |    5000    1.00   0.00    3.00  |    5000    1.00   0.00    3.00  |    5000    0.97   0.00    2.93
 38  |    5000    1.00   0.00    3.00  |    5000    1.00   0.00    3.00  |    5000    0.98   0.00    2.96
 39  |    5000    1.00   0.00    3.00  |    5000    1.00   0.00    3.00  |    5000    0.99   0.00    2.97
 40  |    5000    1.00   0.00    3.00  |    5000    1.00   0.00    3.00  |    5000    0.99   0.00    2.97
 41  |    5000    1.00   0.00    3.00  |    5000    1.00   0.00    3.00  |    5000    0.99   0.00    2.98
 42  |    5000    1.00   0.00    3.00  |    5000    1.00   0.00    3.00  |    5000    0.99   0.00    2.98
 43  |    5000    1.00   0.00    3.00  |    5000    1.00   0.00    3.00  |    5000    0.99   0.00    2.98
 44  |    5000    1.00   0.00    3.00  |    5000    1.00   0.00    3.00  |    5000    1.00   0.00    2.99
 45  |    5000    1.00   0.00    3.00  |    5000    1.00   0.00    3.00  |    5000    1.00   0.00    2.99
 46  |    5000    1.00   0.00    3.00  |    5000    1.00   0.00    3.00  |    5000    1.00   0.00    2.99
 47  |    5000    1.00   0.00    3.00  |    5000    1.00   0.00    3.00  |    5000    1.00   0.00    2.99
 48  |    5000    1.00   0.00    3.00  |    5000    1.00   0.00    3.00  |    5000    1.00   0.00    2.99
 49  |    5000    1.00   0.00    3.00  |    5000    1.00   0.00    3.00  |    5000    1.00   0.00    2.99
 50  |    5000    1.00   0.00    3.00  |    5000    1.00   0.00    3.00  |    5000    1.00   0.00    2.99
 51  |       0    0.00   0.00    0.00  |       0    0.00   0.00    0.00  |       0    0.00   0.00    0.00
 52  |       0    0.00   0.00    0.00  |       0    0.00   0.00    0.00  |       0    0.00   0.00    0.00
 53  |       0    0.00   0.00    0.00  |       0    0.00   0.00    0.00  |       0    0.00   0.00    0.00
 54  |       0    0.00   0.00    0.00  |       0    0.00   0.00    0.00  |       0    0.00   0.00    0.00
 55  |       0    0.00   0.00    0.00  |       0    0.00   0.00    0.00  |       0    0.00   0.00    0.00

===== DIAGNOSTIC: ANNUAL MEN (all edu levels) =====
Age  | HS:Total  HS:Marr  HS:Div  | SC:Total  SC:Marr  SC:Div  | CG:Total  CG:Marr  CG:Div
 18  |    5000    0.02   0.00  |       0    0.00   0.00  |       0    0.00   0.00
 19  |    5000    0.04   0.00  |       0    0.00   0.00  |       0    0.00   0.00
 20  |    5000    0.17   0.00  |    5000    0.13   0.00  |       0    0.00   0.00
 21  |    5000    0.30   0.00  |    5000    0.26   0.00  |       0    0.00   0.00
 22  |    5000    0.40   0.00  |    5000    0.39   0.00  |    5000    0.06   0.00
 23  |    5000    0.50   0.00  |    5000    0.49   0.00  |    5000    0.12   0.00
 24  |    5000    0.60   0.00  |    5000    0.58   0.00  |    5000    0.18   0.00
 25  |    5000    0.67   0.00  |    5000    0.66   0.00  |    5000    0.26   0.00
 26  |    5000    0.74   0.00  |    5000    0.74   0.00  |    5000    0.33   0.00
 27  |    5000    0.80   0.00  |    5000    0.80   0.00  |    5000    0.41   0.00
 28  |    5000    0.85   0.00  |    5000    0.84   0.00  |    5000    0.47   0.00
 29  |    5000    0.89   0.00  |    5000    0.88   0.00  |    5000    0.53   0.00
 30  |    5000    0.91   0.00  |    5000    0.92   0.00  |    5000    0.58   0.00
 31  |    5000    0.94   0.00  |    5000    0.94   0.00  |    5000    0.64   0.00
 32  |    5000    0.95   0.00  |    5000    0.96   0.00  |    5000    0.71   0.00
 33  |    5000    0.97   0.00  |    5000    0.97   0.00  |    5000    0.77   0.00
 34  |    5000    0.98   0.00  |    5000    0.98   0.00  |    5000    0.82   0.00
 35  |    5000    0.98   0.00  |    5000    0.98   0.00  |    5000    0.86   0.00
 36  |    5000    0.99   0.00  |    5000    0.99   0.00  |    5000    0.89   0.00
 37  |    5000    0.99   0.00  |    5000    0.99   0.00  |    5000    0.91   0.00
 38  |    5000    0.99   0.00  |    5000    0.99   0.00  |    5000    0.92   0.00
 39  |    5000    0.99   0.00  |    5000    0.99   0.00  |    5000    0.93   0.00
 40  |    5000    1.00   0.00  |    5000    1.00   0.00  |    5000    0.94   0.00
 41  |    5000    1.00   0.00  |    5000    1.00   0.00  |    5000    0.95   0.00
 42  |    5000    1.00   0.00  |    5000    1.00   0.00  |    5000    0.96   0.00
 43  |    5000    1.00   0.00  |    5000    1.00   0.00  |    5000    0.96   0.00
 44  |    5000    1.00   0.00  |    5000    1.00   0.00  |    5000    0.96   0.00
 45  |    5000    1.00   0.00  |    5000    1.00   0.00  |    5000    0.96   0.00
 46  |    5000    1.00   0.00  |    5000    1.00   0.00  |    5000    0.97   0.00
 47  |    5000    1.00   0.00  |    5000    1.00   0.00  |    5000    0.97   0.00
 48  |    5000    1.00   0.00  |    5000    1.00   0.00  |    5000    0.97   0.00
 49  |    5000    1.00   0.00  |    5000    1.00   0.00  |    5000    0.97   0.00
 50  |    5000    1.00   0.00  |    5000    1.00   0.00  |    5000    0.97   0.00
 51  |       0    0.00   0.00  |       0    0.00   0.00  |       0    0.00   0.00
 52  |       0    0.00   0.00  |       0    0.00   0.00  |       0    0.00   0.00
 53  |       0    0.00   0.00  |       0    0.00   0.00  |       0    0.00   0.00
 54  |       0    0.00   0.00  |       0    0.00   0.00  |       0    0.00   0.00
 55  |       0    0.00   0.00  |       0    0.00   0.00  |       0    0.00   0.00

===== MARRIED WOMEN =====
  Education: HS
AgeGrp      Wage:Fit    Wage:Act    PT:Fit    PT:Act    FT:Fit    FT:Act
--------  ----------  ----------  --------  --------  --------  --------
22-26       32903.76    28299.62      0.01      0.11      0.31      0.38
27-31       34230.71    31079.76      0.06      0.15      0.56      0.38
32-36       38527.92    33510.16      0.09      0.18      0.65      0.44
37-41       41595.73    37468.02      0.11      0.17      0.70      0.49
42-46       43838.12    41622.10      0.11      0.16      0.74      0.53
  Education: SC
AgeGrp      Wage:Fit    Wage:Act    PT:Fit    PT:Act    FT:Fit    FT:Act
--------  ----------  ----------  --------  --------  --------  --------
22-26       37717.88    33188.57      0.02      0.14      0.37      0.49
27-31       42571.75    39465.98      0.07      0.17      0.59      0.45
32-36       49211.72    41303.73      0.10      0.20      0.67      0.45
37-41       53243.08    47150.67      0.12      0.20      0.72      0.49
42-46       54073.23    51982.79      0.12      0.20      0.75      0.54
  Education: CG+
AgeGrp      Wage:Fit    Wage:Act    PT:Fit    PT:Act    FT:Fit    FT:Act
--------  ----------  ----------  --------  --------  --------  --------
22-26       45515.10    43375.45      0.09      0.13      0.49      0.63
27-31       58029.00    56771.96      0.08      0.13      0.59      0.58
32-36       68211.75    67624.32      0.08      0.17      0.67      0.49
37-41       77707.82    76361.26      0.08      0.20      0.76      0.49
42-46       84516.86    80717.00      0.10      0.19      0.80      0.54

===== MARRIED MEN =====
  Education: HS
AgeGrp      Wage:Fit    Wage:Act    PT:Fit    PT:Act    FT:Fit    FT:Act
--------  ----------  ----------  --------  --------  --------  --------
22-26       43478.30    48574.63      0.04      0.03      0.73      0.82
27-31       52529.76    56665.02      0.03      0.02      0.79      0.85
32-36       60019.32    61344.61      0.03      0.02      0.83      0.84
37-41       64256.68    72364.09      0.03      0.02      0.86      0.86
42-46       64658.67    73759.31      0.03      0.02      0.88      0.84
  Education: SC
AgeGrp      Wage:Fit    Wage:Act    PT:Fit    PT:Act    FT:Fit    FT:Act
--------  ----------  ----------  --------  --------  --------  --------
22-26       52683.72    52049.90      0.03      0.07      0.75      0.82
27-31       69360.53    66848.00      0.04      0.02      0.80      0.88
32-36       83647.67    73883.59      0.03      0.02      0.85      0.91
37-41       91297.96    86511.32      0.03      0.02      0.87      0.91
42-46       89920.81    94354.83      0.04      0.02      0.89      0.88
  Education: CG+
AgeGrp      Wage:Fit    Wage:Act    PT:Fit    PT:Act    FT:Fit    FT:Act
--------  ----------  ----------  --------  --------  --------  --------
22-26       65352.25    59242.04      0.03      0.08      0.76      0.80
27-31       95988.09    84160.94      0.03      0.03      0.83      0.91
32-36      125978.92   114384.70      0.04      0.02      0.86      0.93
37-41      152315.40   142932.60      0.03      0.02      0.89      0.94
42-46      167469.61   163469.40      0.03      0.02      0.90      0.92

===== SINGLE WOMEN =====
  Education: HS
AgeGrp      Wage:Fit    Wage:Act    PT:Fit    PT:Act    FT:Fit    FT:Act
--------  ----------  ----------  --------  --------  --------  --------
22-26       30386.22    30197.19      0.07      0.11      0.45      0.56
27-31       33207.58    35159.79      0.12      0.09      0.53      0.57
32-36       38230.58    35504.30      0.15      0.10      0.60      0.56
37-41       42973.65    41620.34      0.02      0.11      0.80      0.58
42-46       42918.56    42396.61      0.00      0.09      1.00      0.56
  Education: SC
AgeGrp      Wage:Fit    Wage:Act    PT:Fit    PT:Act    FT:Fit    FT:Act
--------  ----------  ----------  --------  --------  --------  --------
22-26       34448.53    32298.52      0.09      0.17      0.45      0.57
27-31       41265.75    43924.30      0.14      0.11      0.55      0.66
32-36       47504.48    47297.61      0.15      0.11      0.62      0.67
37-41       58029.78    51427.66      0.25      0.11      0.53      0.71
42-46       55963.38    58024.34      0.71      0.08      0.00      0.71
  Education: CG+
AgeGrp      Wage:Fit    Wage:Act    PT:Fit    PT:Act    FT:Fit    FT:Act
--------  ----------  ----------  --------  --------  --------  --------
22-26       40268.81    39496.12      0.10      0.16      0.43      0.67
27-31       55899.37    62152.83      0.15      0.07      0.60      0.83
32-36       67914.71    74037.73      0.15      0.07      0.70      0.82
37-41       78038.85    84020.55      0.14      0.07      0.71      0.81
42-46       82107.00    90903.29      0.11      0.07      0.79      0.78

===== SINGLE MEN =====
  Education: HS
AgeGrp      Wage:Fit    Wage:Act    PT:Fit    PT:Act    FT:Fit    FT:Act
--------  ----------  ----------  --------  --------  --------  --------
22-26       42092.48    39492.87      0.04      0.07      0.73      0.65
27-31       51336.69    47033.33      0.05      0.05      0.77      0.71
32-36       59498.06    53354.27      0.03      0.05      0.82      0.67
37-41       59056.84    55573.67      0.00      0.05      0.84      0.70
42-46       52078.96    57158.97      0.00      0.05      0.89      0.64
  Education: SC
AgeGrp      Wage:Fit    Wage:Act    PT:Fit    PT:Act    FT:Fit    FT:Act
--------  ----------  ----------  --------  --------  --------  --------
22-26       49551.38    37361.30      0.04      0.17      0.74      0.50
27-31       65853.89    52847.48      0.05      0.06      0.78      0.78
32-36       78176.23    59169.55      0.08      0.04      0.78      0.76
37-41       88209.68    66603.93      0.11      0.05      0.79      0.76
42-46       89489.21    74786.66      0.07      0.05      0.82      0.74
  Education: CG+
AgeGrp      Wage:Fit    Wage:Act    PT:Fit    PT:Act    FT:Fit    FT:Act
--------  ----------  ----------  --------  --------  --------  --------
22-26       57202.12    49129.95      0.03      0.13      0.69      0.64
27-31       92254.04    72635.45      0.03      0.06      0.83      0.82
32-36      126999.91    92698.45      0.03      0.06      0.88      0.84
37-41      163005.38   108479.00      0.02      0.04      0.90      0.85
42-46      177358.65   126150.70      0.01      0.05      0.92      0.78

===== MARRIAGE/DIVORCE WOMEN =====
  Education: HS
AgeGrp      Marr:Fit    Marr:Act    Div:Fit    Div:Act
--------  ----------  ----------  ---------  ---------
22-26           0.63        0.62       0.00       0.08
27-31           0.90        0.70       0.00       0.11
32-36           0.99        0.72       0.00       0.14
37-41           1.00        0.72       0.00       0.16
42-46           1.00        0.70       0.00       0.18
  Education: SC
AgeGrp      Marr:Fit    Marr:Act    Div:Fit    Div:Act
--------  ----------  ----------  ---------  ---------
22-26           0.61        0.47       0.00       0.05
27-31           0.89        0.68       0.00       0.11
32-36           0.98        0.71       0.00       0.14
37-41           1.00        0.71       0.00       0.16
42-46           1.00        0.70       0.00       0.17
  Education: CG+
AgeGrp      Marr:Fit    Marr:Act    Div:Fit    Div:Act
--------  ----------  ----------  ---------  ---------
22-26           0.19        0.38       0.00       0.01
27-31           0.55        0.63       0.00       0.05
32-36           0.88        0.73       0.00       0.07
37-41           0.98        0.75       0.00       0.10
42-46           1.00        0.77       0.00       0.11

===== MARRIAGE/DIVORCE MEN =====
  Education: HS
AgeGrp      Marr:Fit    Marr:Act    Div:Fit    Div:Act
--------  ----------  ----------  ---------  ---------
22-26           0.58        0.47       0.00       0.05
27-31           0.88        0.62       0.00       0.09
32-36           0.97        0.66       0.00       0.12
37-41           0.99        0.66       0.00       0.16
42-46           1.00        0.66       0.00       0.16
  Education: SC
AgeGrp      Marr:Fit    Marr:Act    Div:Fit    Div:Act
--------  ----------  ----------  ---------  ---------
22-26           0.57        0.31       0.00       0.02
27-31           0.88        0.59       0.00       0.08
32-36           0.98        0.70       0.00       0.09
37-41           0.99        0.70       0.00       0.13
42-46           1.00        0.72       0.00       0.14
  Education: CG+
AgeGrp      Marr:Fit    Marr:Act    Div:Fit    Div:Act
--------  ----------  ----------  ---------  ---------
22-26           0.19        0.29       0.00       0.01
27-31           0.53        0.57       0.00       0.03
32-36           0.81        0.73       0.00       0.05
37-41           0.93        0.78       0.00       0.07
42-46           0.96        0.79       0.00       0.07

===== FERTILITY MARRIED =====
  Education: HS
AgeGrp      Fert:Fit    Fert:Act    Chless:Fit    Chless:Act
--------  ----------  ----------  ------------  ------------
22-26           2.92        1.33          0.00          0.24
27-31           2.99        1.71          0.00          0.15
32-36           3.00        2.00          0.00          0.11
37-41           3.00        2.11          0.00          0.10
42-46           3.00        2.00          0.00          0.08
  Education: SC
AgeGrp      Fert:Fit    Fert:Act    Chless:Fit    Chless:Act
--------  ----------  ----------  ------------  ------------
22-26           2.89        0.82          0.00          0.45
27-31           2.99        1.45          0.00          0.25
32-36           3.00        1.89          0.00          0.15
37-41           3.00        2.07          0.00          0.11
42-46           3.00        2.10          0.00          0.07
  Education: CG+
AgeGrp      Fert:Fit    Fert:Act    Chless:Fit    Chless:Act
--------  ----------  ----------  ------------  ------------
22-26           1.26        0.40          0.31          0.70
27-31           2.05        0.93          0.13          0.43
32-36           2.75        1.49          0.01          0.24
37-41           2.97        1.87          0.00          0.15
42-46           2.99        1.95          0.00          0.09

===== FERTILITY UNMARRIED =====
  Education: HS
AgeGrp      Fert:Fit    Fert:Act    Chless:Fit    Chless:Act
--------  ----------  ----------  ------------  ------------
22-26           2.12        0.64          0.00          0.61
27-31           2.45        1.09          0.00          0.43
32-36           2.99        1.46          0.00          0.31
37-41           3.00        1.62          0.00          0.30
42-46           3.00        1.64          0.00          0.17
  Education: SC
AgeGrp      Fert:Fit    Fert:Act    Chless:Fit    Chless:Act
--------  ----------  ----------  ------------  ------------
22-26           1.95        0.19          0.00          0.87
27-31           2.52        0.59          0.00          0.65
32-36           3.00        1.02          0.00          0.46
37-41           3.00        1.29          0.00          0.36
42-46           3.00        1.35          0.00          0.19
  Education: CG+
AgeGrp      Fert:Fit    Fert:Act    Chless:Fit    Chless:Act
--------  ----------  ----------  ------------  ------------
22-26           0.00        0.02          1.00          0.99
27-31           0.05        0.14          0.95          0.90
32-36           1.56        0.34          0.13          0.80
37-41           2.74        0.57          0.01          0.69
42-46           2.82        0.88          0.00          0.32

===== ASSORTATIVE MATING (WOMEN, ages 42-46) =====
OwnEdu      HS:Fit    HS:Act    SC:Fit    SC:Act    CG:Fit    CG:Act
--------  --------  --------  --------  --------  --------  --------
HS            0.54      0.66      0.38      0.22      0.08      0.12
SC            0.52      0.32      0.40      0.39      0.07      0.30
CG+           0.21      0.13      0.18      0.18      0.62      0.69

===== ASSORTATIVE MATING (MEN, ages 42-46) =====
OwnEdu      HS:Fit    HS:Act    SC:Fit    SC:Act    CG:Fit    CG:Act
--------  --------  --------  --------  --------  --------  --------
HS            0.56      0.62      0.42      0.27      0.01      0.11
SC            0.53      0.30      0.43      0.47      0.05      0.23
CG+           0.13      0.11      0.13      0.23      0.74      0.65

===== OBJECTIVE FUNCTION =====
Total: 5162.11
  Wage wife married:     15.68
  Emp wife married:      219.25
  Wage husband married:  50.25
  Emp husband married:   17.09
  Wage wife single:      17.55
  Emp wife single:       478.70
  Wage husband single:   579.00
  Emp husband single:    82.05
  Marriage women:        507.72
  Divorce women:         141.34
  Marriage men:          579.84
  Divorce men:           92.51
  Fertility married:     1.49
  Childless married:     490.45
  Fertility unmarried:   2.43
  Childless unmarried:   2230.20
  Assortative women:     164.23
  Assortative men:       154.78
5162.105196729411
