1960
calculate emax for t=33 took: 2.7055 (sec)
calculate emax for t=32 took: 1.5940 (sec)
calculate emax for t=31 took: 1.7651 (sec)
calculate emax for t=30 took: 1.5719 (sec)
calculate emax for t=29 took: 1.5716 (sec)
calculate emax for t=28 took: 1.5735 (sec)
calculate emax for t=27 took: 3.7147 (sec)
calculate emax for t=26 took: 3.5368 (sec)
calculate emax for t=25 took: 3.5236 (sec)
calculate emax for t=24 took: 3.4970 (sec)
calculate emax for t=23 took: 3.4961 (sec)
calculate emax for t=22 took: 3.4965 (sec)
calculate emax for t=21 took: 3.5007 (sec)
calculate emax for t=20 took: 3.4895 (sec)
calculate emax for t=19 took: 3.5191 (sec)
calculate emax for t=18 took: 3.5737 (sec)
calculate emax for t=17 took: 3.5268 (sec)
calculate emax for t=16 took: 3.5412 (sec)
calculate emax for t=15 took: 3.5374 (sec)
calculate emax for t=14 took: 3.5325 (sec)
calculate emax for t=13 took: 3.5372 (sec)
calculate emax for t=12 took: 3.5159 (sec)
calculate emax for t=11 took: 3.5115 (sec)
calculate emax for t=10 took: 3.5296 (sec)
calculate emax for t=9 took: 3.5503 (sec)
calculate emax for t=8 took: 3.5504 (sec)
calculate emax for t=7 took: 3.5265 (sec)
calculate emax for t=6 took: 3.5299 (sec)
calculate emax for t=5 took: 3.5291 (sec)
calculate emax for t=4 took: 1.5989 (sec)
calculate emax for t=3 took: 1.5882 (sec)
calculate emax for t=2 took: 0.4159 (sec)
calculate emax for t=1 took: 0.4175 (sec)
calculate emax with 298818 iterations took: 96.0820 (sec)
saved emax to emax_1960white/

===== DIAGNOSTIC: ANNUAL WOMEN (all edu levels) =====
Age  | HS:Total  HS:Marr  HS:Div  HS:Kids | SC:Total  SC:Marr  SC:Div  SC:Kids | CG:Total  CG:Marr  CG:Div  CG:Kids
 18  |    5000    0.02   0.00    0.01  |       0    0.00   0.00    0.00  |       0    0.00   0.00    0.00
 19  |    5000    0.04   0.00    0.04  |       0    0.00   0.00    0.00  |       0    0.00   0.00    0.00
 20  |    5000    0.16   0.00    0.11  |    5000    0.13   0.00    0.06  |       0    0.00   0.00    0.00
 21  |    5000    0.28   0.00    0.20  |    5000    0.26   0.00    0.17  |       0    0.00   0.00    0.00
 22  |    5000    0.41   0.00    0.32  |    5000    0.38   0.00    0.34  |    5000    0.16   0.00    0.02
 23  |    5000    0.53   0.00    0.45  |    5000    0.49   0.00    0.51  |    5000    0.29   0.00    0.06
 24  |    5000    0.61   0.00    0.59  |    5000    0.57   0.00    0.67  |    5000    0.38   0.00    0.20
 25  |    5000    0.67   0.00    0.70  |    5000    0.62   0.00    0.80  |    5000    0.52   0.00    0.28
 26  |    5000    0.73   0.00    0.88  |    5000    0.68   0.00    0.91  |    5000    0.63   0.00    0.36
 27  |    5000    0.77   0.01    1.01  |    5000    0.72   0.01    0.99  |    5000    0.72   0.00    0.44
 28  |    5000    0.80   0.01    1.11  |    5000    0.76   0.01    1.11  |    5000    0.78   0.00    0.52
 29  |    5000    0.83   0.01    1.24  |    5000    0.81   0.01    1.23  |    5000    0.82   0.00    0.77
 30  |    5000    0.85   0.02    1.33  |    5000    0.84   0.02    1.41  |    5000    0.86   0.00    0.88
 31  |    5000    0.86   0.03    1.41  |    5000    0.86   0.03    1.55  |    5000    0.88   0.00    1.02
 32  |    5000    0.89   0.03    1.49  |    5000    0.88   0.03    1.77  |    5000    0.91   0.00    1.13
 33  |    5000    0.89   0.05    1.63  |    5000    0.87   0.05    1.97  |    5000    0.93   0.00    1.24
 34  |    5000    0.89   0.06    1.83  |    5000    0.86   0.07    2.07  |    5000    0.94   0.01    1.46
 35  |    5000    0.89   0.08    2.00  |    5000    0.88   0.07    2.23  |    5000    0.92   0.04    1.60
 36  |    5000    0.86   0.11    2.19  |    5000    0.88   0.08    2.35  |    5000    0.89   0.07    1.77
 37  |    5000    0.85   0.12    2.36  |    5000    0.89   0.08    2.45  |    5000    0.89   0.08    1.98
 38  |    5000    0.84   0.14    2.49  |    5000    0.88   0.10    2.57  |    5000    0.88   0.09    2.13
 39  |    5000    0.82   0.16    2.57  |    5000    0.89   0.09    2.65  |    5000    0.89   0.09    2.28
 40  |    5000    0.82   0.16    2.64  |    5000    0.90   0.08    2.72  |    5000    0.87   0.11    2.37
 41  |    5000    0.83   0.15    2.69  |    5000    0.91   0.08    2.76  |    5000    0.88   0.10    2.45
 42  |    5000    0.84   0.14    2.72  |    5000    0.92   0.07    2.78  |    5000    0.89   0.09    2.50
 43  |    5000    0.85   0.14    2.75  |    5000    0.93   0.06    2.80  |    5000    0.91   0.08    2.53
 44  |    5000    0.86   0.13    2.76  |    5000    0.94   0.05    2.81  |    5000    0.92   0.07    2.54
 45  |    5000    0.87   0.12    2.76  |    5000    0.95   0.05    2.81  |    5000    0.93   0.06    2.54
 46  |    5000    0.88   0.11    2.76  |    5000    0.95   0.04    2.81  |    5000    0.93   0.06    2.54
 47  |    5000    0.88   0.11    2.76  |    5000    0.95   0.04    2.81  |    5000    0.93   0.06    2.54
 48  |    5000    0.88   0.11    2.76  |    5000    0.95   0.04    2.81  |    5000    0.93   0.06    2.54
 49  |    5000    0.89   0.10    2.76  |    5000    0.95   0.04    2.81  |    5000    0.93   0.06    2.54
 50  |    5000    0.89   0.10    2.76  |    5000    0.95   0.04    2.81  |    5000    0.94   0.06    2.54
 51  |       0    0.00   0.00    0.00  |       0    0.00   0.00    0.00  |       0    0.00   0.00    0.00
 52  |       0    0.00   0.00    0.00  |       0    0.00   0.00    0.00  |       0    0.00   0.00    0.00
 53  |       0    0.00   0.00    0.00  |       0    0.00   0.00    0.00  |       0    0.00   0.00    0.00
 54  |       0    0.00   0.00    0.00  |       0    0.00   0.00    0.00  |       0    0.00   0.00    0.00
 55  |       0    0.00   0.00    0.00  |       0    0.00   0.00    0.00  |       0    0.00   0.00    0.00

===== DIAGNOSTIC: ANNUAL MEN (all edu levels) =====
Age  | HS:Total  HS:Marr  HS:Div  | SC:Total  SC:Marr  SC:Div  | CG:Total  CG:Marr  CG:Div
 18  |    5000    0.02   0.00  |       0    0.00   0.00  |       0    0.00   0.00
 19  |    5000    0.04   0.00  |       0    0.00   0.00  |       0    0.00   0.00
 20  |    5000    0.15   0.00  |    5000    0.12   0.00  |       0    0.00   0.00
 21  |    5000    0.26   0.00  |    5000    0.24   0.00  |       0    0.00   0.00
 22  |    5000    0.36   0.00  |    5000    0.34   0.00  |    5000    0.11   0.00
 23  |    5000    0.47   0.00  |    5000    0.43   0.00  |    5000    0.27   0.00
 24  |    5000    0.56   0.00  |    5000    0.51   0.00  |    5000    0.38   0.00
 25  |    5000    0.64   0.00  |    5000    0.60   0.00  |    5000    0.47   0.01
 26  |    5000    0.71   0.00  |    5000    0.65   0.00  |    5000    0.57   0.02
 27  |    5000    0.77   0.00  |    5000    0.72   0.00  |    5000    0.65   0.03
 28  |    5000    0.82   0.00  |    5000    0.76   0.00  |    5000    0.69   0.05
 29  |    5000    0.87   0.00  |    5000    0.81   0.01  |    5000    0.75   0.05
 30  |    5000    0.90   0.00  |    5000    0.83   0.01  |    5000    0.78   0.08
 31  |    5000    0.92   0.00  |    5000    0.86   0.01  |    5000    0.77   0.12
 32  |    5000    0.94   0.00  |    5000    0.89   0.01  |    5000    0.80   0.14
 33  |    5000    0.95   0.00  |    5000    0.89   0.03  |    5000    0.76   0.19
 34  |    5000    0.96   0.01  |    5000    0.90   0.04  |    5000    0.74   0.27
 35  |    5000    0.97   0.01  |    5000    0.92   0.05  |    5000    0.67   0.36
 36  |    5000    0.97   0.01  |    5000    0.90   0.09  |    5000    0.63   0.44
 37  |    5000    0.97   0.02  |    5000    0.89   0.11  |    5000    0.59   0.50
 38  |    5000    0.98   0.02  |    5000    0.85   0.16  |    5000    0.60   0.54
 39  |    5000    0.98   0.02  |    5000    0.83   0.20  |    5000    0.56   0.57
 40  |    5000    0.98   0.02  |    5000    0.82   0.24  |    5000    0.56   0.62
 41  |    5000    0.98   0.02  |    5000    0.82   0.26  |    5000    0.50   0.64
 42  |    5000    0.99   0.02  |    5000    0.82   0.28  |    5000    0.53   0.66
 43  |    5000    0.99   0.02  |    5000    0.82   0.29  |    5000    0.49   0.66
 44  |    5000    0.99   0.02  |    5000    0.83   0.30  |    5000    0.51   0.67
 45  |    5000    0.99   0.02  |    5000    0.83   0.31  |    5000    0.47   0.67
 46  |    5000    0.99   0.02  |    5000    0.84   0.31  |    5000    0.50   0.67
 47  |    5000    0.99   0.02  |    5000    0.85   0.31  |    5000    0.48   0.68
 48  |    5000    0.99   0.02  |    5000    0.85   0.31  |    5000    0.48   0.68
 49  |    5000    0.99   0.02  |    5000    0.85   0.31  |    5000    0.49   0.68
 50  |    5000    0.99   0.02  |    5000    0.85   0.31  |    5000    0.49   0.68
 51  |       0    0.00   0.00  |       0    0.00   0.00  |       0    0.00   0.00
 52  |       0    0.00   0.00  |       0    0.00   0.00  |       0    0.00   0.00
 53  |       0    0.00   0.00  |       0    0.00   0.00  |       0    0.00   0.00
 54  |       0    0.00   0.00  |       0    0.00   0.00  |       0    0.00   0.00
 55  |       0    0.00   0.00  |       0    0.00   0.00  |       0    0.00   0.00

===== MARRIED WOMEN =====
  Education: HS
AgeGrp      Wage:Fit    Wage:Act    PT:Fit    PT:Act    FT:Fit    FT:Act
--------  ----------  ----------  --------  --------  --------  --------
22-26       30421.25    28299.62      0.08      0.11      0.46      0.38
27-31       34609.08    31079.76      0.08      0.15      0.55      0.38
32-36       38728.53    33510.16      0.09      0.18      0.64      0.44
37-41       41911.90    37468.02      0.07      0.17      0.71      0.49
42-46       43584.36    41622.10      0.08      0.16      0.77      0.53
  Education: SC
AgeGrp      Wage:Fit    Wage:Act    PT:Fit    PT:Act    FT:Fit    FT:Act
--------  ----------  ----------  --------  --------  --------  --------
22-26       36000.01    33188.57      0.09      0.14      0.48      0.49
27-31       43287.50    39465.98      0.09      0.17      0.59      0.45
32-36       49820.70    41303.73      0.09      0.20      0.67      0.45
37-41       53229.53    47150.67      0.08      0.20      0.75      0.49
42-46       54284.74    51982.79      0.09      0.20      0.78      0.54
  Education: CG+
AgeGrp      Wage:Fit    Wage:Act    PT:Fit    PT:Act    FT:Fit    FT:Act
--------  ----------  ----------  --------  --------  --------  --------
22-26       42820.91    43375.45      0.12      0.13      0.42      0.63
27-31       56614.15    56771.96      0.13      0.13      0.60      0.58
32-36       68824.90    67624.32      0.13      0.17      0.68      0.49
37-41       77989.15    76361.26      0.12      0.20      0.74      0.49
42-46       84385.85    80717.00      0.12      0.19      0.78      0.54

===== MARRIED MEN =====
  Education: HS
AgeGrp      Wage:Fit    Wage:Act    PT:Fit    PT:Act    FT:Fit    FT:Act
--------  ----------  ----------  --------  --------  --------  --------
22-26       43149.23    48574.63      0.04      0.03      0.73      0.82
27-31       52159.94    56665.02      0.03      0.02      0.79      0.85
32-36       59226.42    61344.61      0.03      0.02      0.83      0.84
37-41       64075.67    72364.09      0.03      0.02      0.86      0.86
42-46       64224.56    73759.31      0.03      0.02      0.88      0.84
  Education: SC
AgeGrp      Wage:Fit    Wage:Act    PT:Fit    PT:Act    FT:Fit    FT:Act
--------  ----------  ----------  --------  --------  --------  --------
22-26       51878.81    52049.90      0.03      0.07      0.75      0.82
27-31       68875.39    66848.00      0.03      0.02      0.81      0.88
32-36       82336.50    73883.59      0.04      0.02      0.84      0.91
37-41       88549.13    86511.32      0.04      0.02      0.86      0.91
42-46       87622.79    94354.83      0.04      0.02      0.89      0.88
  Education: CG+
AgeGrp      Wage:Fit    Wage:Act    PT:Fit    PT:Act    FT:Fit    FT:Act
--------  ----------  ----------  --------  --------  --------  --------
22-26       63965.31    59242.04      0.03      0.08      0.71      0.80
27-31       92515.01    84160.94      0.04      0.03      0.82      0.91
32-36      120448.26   114384.70      0.04      0.02      0.85      0.93
37-41      142848.27   142932.60      0.05      0.02      0.86      0.94
42-46      155764.32   163469.40      0.04      0.02      0.88      0.92

===== SINGLE WOMEN =====
  Education: HS
AgeGrp      Wage:Fit    Wage:Act    PT:Fit    PT:Act    FT:Fit    FT:Act
--------  ----------  ----------  --------  --------  --------  --------
22-26       29152.15    30197.19      0.13      0.11      0.47      0.56
27-31       33028.54    35159.79      0.14      0.09      0.51      0.57
32-36       36537.01    35504.30      0.15      0.10      0.54      0.56
37-41       40197.46    41620.34      0.13      0.11      0.64      0.58
42-46       43074.30    42396.61      0.12      0.09      0.73      0.56
  Education: SC
AgeGrp      Wage:Fit    Wage:Act    PT:Fit    PT:Act    FT:Fit    FT:Act
--------  ----------  ----------  --------  --------  --------  --------
22-26       33819.23    32298.52      0.14      0.17      0.46      0.57
27-31       41074.76    43924.30      0.18      0.11      0.50      0.66
32-36       46954.91    47297.61      0.20      0.11      0.51      0.67
37-41       52248.08    51427.66      0.19      0.11      0.58      0.71
42-46       52918.79    58024.34      0.15      0.08      0.71      0.71
  Education: CG+
AgeGrp      Wage:Fit    Wage:Act    PT:Fit    PT:Act    FT:Fit    FT:Act
--------  ----------  ----------  --------  --------  --------  --------
22-26       40272.18    39496.12      0.11      0.16      0.45      0.67
27-31       57171.14    62152.83      0.14      0.07      0.66      0.83
32-36       66354.87    74037.73      0.12      0.07      0.64      0.82
37-41       73446.24    84020.55      0.15      0.07      0.61      0.81
42-46       81667.82    90903.29      0.14      0.07      0.72      0.78

===== SINGLE MEN =====
  Education: HS
AgeGrp      Wage:Fit    Wage:Act    PT:Fit    PT:Act    FT:Fit    FT:Act
--------  ----------  ----------  --------  --------  --------  --------
22-26       41966.15    39492.87      0.03      0.07      0.74      0.65
27-31       52273.57    47033.33      0.03      0.05      0.78      0.71
32-36       65974.17    53354.27      0.04      0.05      0.84      0.67
37-41       75645.29    55573.67      0.04      0.05      0.88      0.70
42-46       71952.03    57158.97      0.05      0.05      0.87      0.64
  Education: SC
AgeGrp      Wage:Fit    Wage:Act    PT:Fit    PT:Act    FT:Fit    FT:Act
--------  ----------  ----------  --------  --------  --------  --------
22-26       51521.98    37361.30      0.04      0.17      0.75      0.50
27-31       71381.17    52847.48      0.03      0.06      0.81      0.78
32-36       94891.42    59169.55      0.02      0.04      0.86      0.76
37-41      104629.24    66603.93      0.01      0.05      0.94      0.76
42-46       99714.05    74786.66      0.01      0.05      0.92      0.74
  Education: CG+
AgeGrp      Wage:Fit    Wage:Act    PT:Fit    PT:Act    FT:Fit    FT:Act
--------  ----------  ----------  --------  --------  --------  --------
22-26       56366.07    49129.95      0.02      0.13      0.70      0.64
27-31       98926.05    72635.45      0.02      0.06      0.85      0.82
32-36      141035.23    92698.45      0.02      0.06      0.91      0.84
37-41      165217.08   108479.00      0.02      0.04      0.92      0.85
42-46      177828.77   126150.70      0.03      0.05      0.91      0.78

===== MARRIAGE/DIVORCE WOMEN =====
  Education: HS
AgeGrp      Marr:Fit    Marr:Act    Div:Fit    Div:Act
--------  ----------  ----------  ---------  ---------
22-26           0.59        0.62       0.00       0.08
27-31           0.82        0.70       0.02       0.11
32-36           0.88        0.72       0.07       0.14
37-41           0.83        0.72       0.15       0.16
42-46           0.86        0.70       0.13       0.18
  Education: SC
AgeGrp      Marr:Fit    Marr:Act    Div:Fit    Div:Act
--------  ----------  ----------  ---------  ---------
22-26           0.55        0.47       0.00       0.05
27-31           0.80        0.68       0.01       0.11
32-36           0.87        0.71       0.06       0.14
37-41           0.89        0.71       0.08       0.16
42-46           0.94        0.70       0.06       0.17
  Education: CG+
AgeGrp      Marr:Fit    Marr:Act    Div:Fit    Div:Act
--------  ----------  ----------  ---------  ---------
22-26           0.40        0.38       0.00       0.01
27-31           0.81        0.63       0.00       0.05
32-36           0.92        0.73       0.02       0.07
37-41           0.88        0.75       0.09       0.10
42-46           0.92        0.77       0.07       0.11

===== MARRIAGE/DIVORCE MEN =====
  Education: HS
AgeGrp      Marr:Fit    Marr:Act    Div:Fit    Div:Act
--------  ----------  ----------  ---------  ---------
22-26           0.55        0.47       0.00       0.05
27-31           0.85        0.62       0.00       0.09
32-36           0.96        0.66       0.01       0.12
37-41           0.98        0.66       0.02       0.16
42-46           0.99        0.66       0.02       0.16
  Education: SC
AgeGrp      Marr:Fit    Marr:Act    Div:Fit    Div:Act
--------  ----------  ----------  ---------  ---------
22-26           0.51        0.31       0.00       0.02
27-31           0.80        0.59       0.01       0.08
32-36           0.90        0.70       0.04       0.09
37-41           0.84        0.70       0.20       0.13
42-46           0.83        0.72       0.30       0.14
  Education: CG+
AgeGrp      Marr:Fit    Marr:Act    Div:Fit    Div:Act
--------  ----------  ----------  ---------  ---------
22-26           0.36        0.29       0.00       0.01
27-31           0.73        0.57       0.07       0.03
32-36           0.72        0.73       0.28       0.05
37-41           0.56        0.78       0.57       0.07
42-46           0.50        0.79       0.67       0.07

===== FERTILITY MARRIED =====
  Education: HS
AgeGrp      Fert:Fit    Fert:Act    Chless:Fit    Chless:Act
--------  ----------  ----------  ------------  ------------
22-26           0.99        1.33          0.53          0.24
27-31           1.46        1.71          0.31          0.15
32-36           1.94        2.00          0.14          0.11
37-41           2.63        2.11          0.02          0.10
42-46           2.80        2.00          0.01          0.08
  Education: SC
AgeGrp      Fert:Fit    Fert:Act    Chless:Fit    Chless:Act
--------  ----------  ----------  ------------  ------------
22-26           1.17        0.82          0.49          0.45
27-31           1.55        1.45          0.37          0.25
32-36           2.27        1.89          0.08          0.15
37-41           2.70        2.07          0.02          0.11
42-46           2.84        2.10          0.01          0.07
  Education: CG+
AgeGrp      Fert:Fit    Fert:Act    Chless:Fit    Chless:Act
--------  ----------  ----------  ------------  ------------
22-26           0.46        0.40          0.69          0.70
27-31           0.89        0.93          0.50          0.43
32-36           1.53        1.49          0.26          0.24
37-41           2.28        1.87          0.06          0.15
42-46           2.55        1.95          0.03          0.09

===== FERTILITY UNMARRIED =====
  Education: HS
AgeGrp      Fert:Fit    Fert:Act    Chless:Fit    Chless:Act
--------  ----------  ----------  ------------  ------------
22-26           0.00        0.64          1.00          0.61
27-31           0.11        1.09          0.92          0.43
32-36           1.04        1.46          0.32          0.31
37-41           2.18        1.62          0.03          0.30
42-46           2.41        1.64          0.02          0.17
  Education: SC
AgeGrp      Fert:Fit    Fert:Act    Chless:Fit    Chless:Act
--------  ----------  ----------  ------------  ------------
22-26           0.00        0.19          1.00          0.87
27-31           0.10        0.59          0.94          0.65
32-36           0.76        1.02          0.51          0.46
37-41           2.08        1.29          0.04          0.36
42-46           2.30        1.35          0.07          0.19
  Education: CG+
AgeGrp      Fert:Fit    Fert:Act    Chless:Fit    Chless:Act
--------  ----------  ----------  ------------  ------------
22-26           0.00        0.02          1.00          0.99
27-31           0.00        0.14          1.00          0.90
32-36           0.39        0.34          0.75          0.80
37-41           1.97        0.57          0.09          0.69
42-46           2.32        0.88          0.04          0.32

===== ASSORTATIVE MATING (WOMEN, ages 42-46) =====
OwnEdu      HS:Fit    HS:Act    SC:Fit    SC:Act    CG:Fit    CG:Act
--------  --------  --------  --------  --------  --------  --------
HS            0.83      0.66      0.17      0.22      0.00      0.12
SC            0.54      0.32      0.45      0.39      0.00      0.30
CG+           0.50      0.13      0.21      0.18      0.30      0.69

===== ASSORTATIVE MATING (MEN, ages 42-46) =====
OwnEdu      HS:Fit    HS:Act    SC:Fit    SC:Act    CG:Fit    CG:Act
--------  --------  --------  --------  --------  --------  --------
HS            0.56      0.62      0.28      0.27      0.16      0.11
SC            0.23      0.30      0.54      0.47      0.23      0.23
CG+           0.06      0.11      0.07      0.23      0.86      0.65

===== OBJECTIVE FUNCTION =====
Total: 3196.08
  Wage wife married:     14.86
  Emp wife married:      218.95
  Wage husband married:  35.14
  Emp husband married:   22.83
  Wage wife single:      21.87
  Emp wife single:       108.39
  Wage husband single:   911.45
  Emp husband single:    110.78
  Marriage women:        219.91
  Divorce women:         44.37
  Marriage men:          451.46
  Divorce men:           508.84
  Fertility married:     0.19
  Childless married:     111.53
  Fertility unmarried:   0.56
  Childless unmarried:   775.63
  Assortative women:     522.06
  Assortative men:       100.59
3196.0834565359346
